[ 2017-09-18T14:39:37+08:00 ] 127.0.0.1 /index.php/Coct/Sso/systemstatus
INFO: [ app_init ] --START--
INFO: Run Behavior\BuildLiteBehavior [ RunTime:0.000009s ]
INFO: [ app_init ] --END-- [ RunTime:0.000462s ]
INFO: [ app_begin ] --START--
INFO: Run Behavior\ReadHtmlCacheBehavior [ RunTime:0.000571s ]
INFO: [ app_begin ] --END-- [ RunTime:0.000612s ]
SQL: SHOW COLUMNS FROM `c_pms_system` [ RunTime:0.0018s ]
SQL: SELECT * FROM `c_pms_system` WHERE `secret` = 'E5pZdva3HVDHfCJmcOdnVfTHoKZNsW2a' LIMIT 1   [ RunTime:0.0013s ]

[ 2017-09-18T14:39:44+08:00 ] 127.0.0.1 /index.php/Coct/Sso/systemstatus
INFO: [ app_init ] --START--
INFO: Run Behavior\BuildLiteBehavior [ RunTime:0.000007s ]
INFO: [ app_init ] --END-- [ RunTime:0.000767s ]
INFO: [ app_begin ] --START--
INFO: Run Behavior\ReadHtmlCacheBehavior [ RunTime:0.000787s ]
INFO: [ app_begin ] --END-- [ RunTime:0.000820s ]
SQL: SHOW COLUMNS FROM `c_pms_system` [ RunTime:0.0016s ]
SQL: SELECT * FROM `c_pms_system` WHERE `secret` = 'E5pZdva3HVDHfCJmcOdnVfTHoKZNsW2a' LIMIT 1   [ RunTime:0.0006s ]

[ 2017-09-18T14:39:44+08:00 ] 127.0.0.1 /index.php/Coct/Sso/pclogin
INFO: [ app_init ] --START--
INFO: Run Behavior\BuildLiteBehavior [ RunTime:0.000007s ]
INFO: [ app_init ] --END-- [ RunTime:0.000503s ]
INFO: [ app_begin ] --START--
INFO: Run Behavior\ReadHtmlCacheBehavior [ RunTime:0.000792s ]
INFO: [ app_begin ] --END-- [ RunTime:0.000826s ]
SQL: SHOW COLUMNS FROM `c_useracc` [ RunTime:0.0017s ]
SQL: SELECT * FROM `c_useracc` WHERE `alias` = 'crm2018' AND `password` = '2a4b2f5aa3202c7253a82716591f3f00' LIMIT 1   [ RunTime:0.0010s ]
SQL: UPDATE `c_useracc` SET `currentip`='2130706433',`lastip`='2130706433',`currenttime`='1505716784',`lasttime`='1505536827' WHERE `id` = 10002 [ RunTime:0.0368s ]
NOTIC: [2] unlink(./Exetmp/Temp/7653f5ee126f72b5dc92978036145d82.php): No such file or directory E:\online\upms\Frame\Library\Think\Cache\Driver\File.class.php 第 157 行.
SQL: SELECT * FROM `c_useracc` WHERE `id` = 10002 LIMIT 1   [ RunTime:0.0012s ]

[ 2017-09-18T14:39:44+08:00 ] 127.0.0.1 /index.php/Coct/Sso/p3psave/status/1/sessid/fpqrjctjheg0h5otn0pr67rco5
INFO: [ app_init ] --START--
INFO: Run Behavior\BuildLiteBehavior [ RunTime:0.000009s ]
INFO: [ app_init ] --END-- [ RunTime:0.000617s ]
INFO: [ app_begin ] --START--
INFO: Run Behavior\ReadHtmlCacheBehavior [ RunTime:0.000932s ]
INFO: [ app_begin ] --END-- [ RunTime:0.000967s ]
SQL: SHOW COLUMNS FROM `c_pms_system` [ RunTime:0.0016s ]
SQL: SELECT * FROM `c_pms_system`  [ RunTime:0.0007s ]
NOTIC: [8] Undefined variable: response E:\online\upms\App\Coct\Controller\SsoController.class.php 第 97 行.
INFO: [ app_end ] --START--
INFO: Run Behavior\ShowPageTraceBehavior [ RunTime:0.000843s ]
INFO: [ app_end ] --END-- [ RunTime:0.000865s ]

