[ 2017-11-13T09:29:08+08:00 ] 127.0.0.1 /index.php/Coct/Sso/systemstatus
INFO: [ app_init ] --START--
INFO: Run Behavior\BuildLiteBehavior [ RunTime:0.000011s ]
INFO: [ app_init ] --END-- [ RunTime:0.004923s ]
INFO: [ app_begin ] --START--
INFO: Run Behavior\ReadHtmlCacheBehavior [ RunTime:0.000472s ]
INFO: [ app_begin ] --END-- [ RunTime:0.000507s ]
ERR: SQLSTATE[HY000] [1045] Access denied for user 'zoga'@'SC-201707131806' (using password: YES)

[ 2017-11-13T09:29:26+08:00 ] 127.0.0.1 /index.php/Coct/Sso/systemstatus
INFO: [ app_init ] --START--
INFO: Run Behavior\BuildLiteBehavior [ RunTime:0.000007s ]
INFO: [ app_init ] --END-- [ RunTime:0.000221s ]
INFO: [ app_begin ] --START--
INFO: Run Behavior\ReadHtmlCacheBehavior [ RunTime:0.000257s ]
INFO: [ app_begin ] --END-- [ RunTime:0.000284s ]
ERR: SQLSTATE[HY000] [1045] Access denied for user 'zoga'@'SC-201707131806' (using password: YES)

[ 2017-11-13T09:40:11+08:00 ] 127.0.0.1 /index.php/Coct/Sso/systemstatus
INFO: [ app_init ] --START--
INFO: Run Behavior\BuildLiteBehavior [ RunTime:0.000007s ]
INFO: [ app_init ] --END-- [ RunTime:0.000236s ]
INFO: [ app_begin ] --START--
INFO: Run Behavior\ReadHtmlCacheBehavior [ RunTime:0.000291s ]
INFO: [ app_begin ] --END-- [ RunTime:0.000332s ]
ERR: SQLSTATE[HY000] [1045] Access denied for user 'zoga'@'SC-201707131806' (using password: YES)

[ 2017-11-13T09:52:21+08:00 ] 127.0.0.1 /index.php/Coct/Sso/systemstatus
INFO: [ app_init ] --START--
INFO: Run Behavior\BuildLiteBehavior [ RunTime:0.000007s ]
INFO: [ app_init ] --END-- [ RunTime:0.000236s ]
INFO: [ app_begin ] --START--
INFO: Run Behavior\ReadHtmlCacheBehavior [ RunTime:0.000282s ]
INFO: [ app_begin ] --END-- [ RunTime:0.000311s ]
ERR: SQLSTATE[HY000] [1045] Access denied for user 'zoga'@'SC-201707131806' (using password: YES)

[ 2017-11-13T09:57:39+08:00 ] 127.0.0.1 /index.php/Coct/Sso/systemstatus
INFO: [ app_init ] --START--
INFO: Run Behavior\BuildLiteBehavior [ RunTime:0.000007s ]
INFO: [ app_init ] --END-- [ RunTime:0.000237s ]
INFO: [ app_begin ] --START--
INFO: Run Behavior\ReadHtmlCacheBehavior [ RunTime:0.000260s ]
INFO: [ app_begin ] --END-- [ RunTime:0.000288s ]
ERR: SQLSTATE[HY000] [1045] Access denied for user 'zoga'@'SC-201707131806' (using password: YES)

[ 2017-11-13T09:59:26+08:00 ] 127.0.0.1 /index.php/Coct/Sso/systemstatus
INFO: [ app_init ] --START--
INFO: Run Behavior\BuildLiteBehavior [ RunTime:0.000008s ]
INFO: [ app_init ] --END-- [ RunTime:0.000227s ]
INFO: [ app_begin ] --START--
INFO: Run Behavior\ReadHtmlCacheBehavior [ RunTime:0.000315s ]
INFO: [ app_begin ] --END-- [ RunTime:0.000349s ]
ERR: SQLSTATE[HY000] [1045] Access denied for user 'zoga'@'SC-201707131806' (using password: YES)

[ 2017-11-13T10:01:22+08:00 ] 127.0.0.1 /index.php/Coct/Sso/systemstatus
INFO: [ app_init ] --START--
INFO: Run Behavior\BuildLiteBehavior [ RunTime:0.000006s ]
INFO: [ app_init ] --END-- [ RunTime:0.000189s ]
INFO: [ app_begin ] --START--
INFO: Run Behavior\ReadHtmlCacheBehavior [ RunTime:0.000276s ]
INFO: [ app_begin ] --END-- [ RunTime:0.000303s ]
ERR: SQLSTATE[HY000] [1045] Access denied for user 'zoga'@'SC-201707131806' (using password: YES)

[ 2017-11-13T10:01:22+08:00 ] 127.0.0.1 /index.php/Coct/Sso/systemstatus
INFO: [ app_init ] --START--
INFO: Run Behavior\BuildLiteBehavior [ RunTime:0.000008s ]
INFO: [ app_init ] --END-- [ RunTime:0.000196s ]
INFO: [ app_begin ] --START--
INFO: Run Behavior\ReadHtmlCacheBehavior [ RunTime:0.000282s ]
INFO: [ app_begin ] --END-- [ RunTime:0.000310s ]
ERR: SQLSTATE[HY000] [1045] Access denied for user 'zoga'@'SC-201707131806' (using password: YES)

[ 2017-11-13T10:01:22+08:00 ] 127.0.0.1 /index.php/Coct/Sso/systemstatus
INFO: [ app_init ] --START--
INFO: Run Behavior\BuildLiteBehavior [ RunTime:0.000007s ]
INFO: [ app_init ] --END-- [ RunTime:0.000198s ]
INFO: [ app_begin ] --START--
INFO: Run Behavior\ReadHtmlCacheBehavior [ RunTime:0.000284s ]
INFO: [ app_begin ] --END-- [ RunTime:0.000313s ]
ERR: SQLSTATE[HY000] [1045] Access denied for user 'zoga'@'SC-201707131806' (using password: YES)

[ 2017-11-13T10:01:23+08:00 ] 127.0.0.1 /index.php/Coct/Sso/systemstatus
INFO: [ app_init ] --START--
INFO: Run Behavior\BuildLiteBehavior [ RunTime:0.000006s ]
INFO: [ app_init ] --END-- [ RunTime:0.000188s ]
INFO: [ app_begin ] --START--
INFO: Run Behavior\ReadHtmlCacheBehavior [ RunTime:0.000317s ]
INFO: [ app_begin ] --END-- [ RunTime:0.000344s ]
ERR: SQLSTATE[HY000] [1045] Access denied for user 'zoga'@'SC-201707131806' (using password: YES)

[ 2017-11-13T10:01:23+08:00 ] 127.0.0.1 /index.php/Coct/Sso/systemstatus
INFO: [ app_init ] --START--
INFO: Run Behavior\BuildLiteBehavior [ RunTime:0.000007s ]
INFO: [ app_init ] --END-- [ RunTime:0.000222s ]
INFO: [ app_begin ] --START--
INFO: Run Behavior\ReadHtmlCacheBehavior [ RunTime:0.000302s ]
INFO: [ app_begin ] --END-- [ RunTime:0.000334s ]
ERR: SQLSTATE[HY000] [1045] Access denied for user 'zoga'@'SC-201707131806' (using password: YES)

[ 2017-11-13T10:01:23+08:00 ] 127.0.0.1 /index.php/Coct/Sso/systemstatus
INFO: [ app_init ] --START--
INFO: Run Behavior\BuildLiteBehavior [ RunTime:0.000007s ]
INFO: [ app_init ] --END-- [ RunTime:0.000187s ]
INFO: [ app_begin ] --START--
INFO: Run Behavior\ReadHtmlCacheBehavior [ RunTime:0.000275s ]
INFO: [ app_begin ] --END-- [ RunTime:0.000315s ]
ERR: SQLSTATE[HY000] [1045] Access denied for user 'zoga'@'SC-201707131806' (using password: YES)

[ 2017-11-13T10:01:23+08:00 ] 127.0.0.1 /index.php/Coct/Sso/systemstatus
INFO: [ app_init ] --START--
INFO: Run Behavior\BuildLiteBehavior [ RunTime:0.000006s ]
INFO: [ app_init ] --END-- [ RunTime:0.000185s ]
INFO: [ app_begin ] --START--
INFO: Run Behavior\ReadHtmlCacheBehavior [ RunTime:0.000274s ]
INFO: [ app_begin ] --END-- [ RunTime:0.000302s ]
ERR: SQLSTATE[HY000] [1045] Access denied for user 'zoga'@'SC-201707131806' (using password: YES)

[ 2017-11-13T10:01:23+08:00 ] 127.0.0.1 /index.php/Coct/Sso/systemstatus
INFO: [ app_init ] --START--
INFO: Run Behavior\BuildLiteBehavior [ RunTime:0.000007s ]
INFO: [ app_init ] --END-- [ RunTime:0.000197s ]
INFO: [ app_begin ] --START--
INFO: Run Behavior\ReadHtmlCacheBehavior [ RunTime:0.000276s ]
INFO: [ app_begin ] --END-- [ RunTime:0.000304s ]
ERR: SQLSTATE[HY000] [1045] Access denied for user 'zoga'@'SC-201707131806' (using password: YES)

[ 2017-11-13T10:01:42+08:00 ] 127.0.0.1 /index.php/Coct/Sso/systemstatus
INFO: [ app_init ] --START--
INFO: Run Behavior\BuildLiteBehavior [ RunTime:0.000007s ]
INFO: [ app_init ] --END-- [ RunTime:0.000221s ]
INFO: [ app_begin ] --START--
INFO: Run Behavior\ReadHtmlCacheBehavior [ RunTime:0.000273s ]
INFO: [ app_begin ] --END-- [ RunTime:0.000300s ]
ERR: SQLSTATE[HY000] [1045] Access denied for user 'zoga'@'SC-201707131806' (using password: YES)

[ 2017-11-13T10:01:42+08:00 ] 127.0.0.1 /index.php/Coct/Sso/systemstatus
INFO: [ app_init ] --START--
INFO: Run Behavior\BuildLiteBehavior [ RunTime:0.000007s ]
INFO: [ app_init ] --END-- [ RunTime:0.000188s ]
INFO: [ app_begin ] --START--
INFO: Run Behavior\ReadHtmlCacheBehavior [ RunTime:0.000272s ]
INFO: [ app_begin ] --END-- [ RunTime:0.000299s ]
ERR: SQLSTATE[HY000] [1045] Access denied for user 'zoga'@'SC-201707131806' (using password: YES)

[ 2017-11-13T10:01:42+08:00 ] 127.0.0.1 /index.php/Coct/Sso/systemstatus
INFO: [ app_init ] --START--
INFO: Run Behavior\BuildLiteBehavior [ RunTime:0.000007s ]
INFO: [ app_init ] --END-- [ RunTime:0.000200s ]
INFO: [ app_begin ] --START--
INFO: Run Behavior\ReadHtmlCacheBehavior [ RunTime:0.000278s ]
INFO: [ app_begin ] --END-- [ RunTime:0.000305s ]
ERR: SQLSTATE[HY000] [1045] Access denied for user 'zoga'@'SC-201707131806' (using password: YES)

[ 2017-11-13T10:01:43+08:00 ] 127.0.0.1 /index.php/Coct/Sso/systemstatus
INFO: [ app_init ] --START--
INFO: Run Behavior\BuildLiteBehavior [ RunTime:0.000007s ]
INFO: [ app_init ] --END-- [ RunTime:0.000195s ]
INFO: [ app_begin ] --START--
INFO: Run Behavior\ReadHtmlCacheBehavior [ RunTime:0.000320s ]
INFO: [ app_begin ] --END-- [ RunTime:0.000349s ]
ERR: SQLSTATE[HY000] [1045] Access denied for user 'zoga'@'SC-201707131806' (using password: YES)

[ 2017-11-13T10:01:43+08:00 ] 127.0.0.1 /index.php/Coct/Sso/systemstatus
INFO: [ app_init ] --START--
INFO: Run Behavior\BuildLiteBehavior [ RunTime:0.000007s ]
INFO: [ app_init ] --END-- [ RunTime:0.000207s ]
INFO: [ app_begin ] --START--
INFO: Run Behavior\ReadHtmlCacheBehavior [ RunTime:0.000313s ]
INFO: [ app_begin ] --END-- [ RunTime:0.000340s ]
ERR: SQLSTATE[HY000] [1045] Access denied for user 'zoga'@'SC-201707131806' (using password: YES)

[ 2017-11-13T10:01:43+08:00 ] 127.0.0.1 /index.php/Coct/Sso/systemstatus
INFO: [ app_init ] --START--
INFO: Run Behavior\BuildLiteBehavior [ RunTime:0.000008s ]
INFO: [ app_init ] --END-- [ RunTime:0.000193s ]
INFO: [ app_begin ] --START--
INFO: Run Behavior\ReadHtmlCacheBehavior [ RunTime:0.000277s ]
INFO: [ app_begin ] --END-- [ RunTime:0.000304s ]
ERR: SQLSTATE[HY000] [1045] Access denied for user 'zoga'@'SC-201707131806' (using password: YES)

[ 2017-11-13T10:01:43+08:00 ] 127.0.0.1 /index.php/Coct/Sso/systemstatus
INFO: [ app_init ] --START--
INFO: Run Behavior\BuildLiteBehavior [ RunTime:0.000007s ]
INFO: [ app_init ] --END-- [ RunTime:0.000245s ]
INFO: [ app_begin ] --START--
INFO: Run Behavior\ReadHtmlCacheBehavior [ RunTime:0.000292s ]
INFO: [ app_begin ] --END-- [ RunTime:0.000322s ]
ERR: SQLSTATE[HY000] [1045] Access denied for user 'zoga'@'SC-201707131806' (using password: YES)

[ 2017-11-13T10:01:58+08:00 ] 127.0.0.1 /index.php/Coct/Sso/systemstatus
INFO: [ app_init ] --START--
INFO: Run Behavior\BuildLiteBehavior [ RunTime:0.000006s ]
INFO: [ app_init ] --END-- [ RunTime:0.000190s ]
INFO: [ app_begin ] --START--
INFO: Run Behavior\ReadHtmlCacheBehavior [ RunTime:0.000305s ]
INFO: [ app_begin ] --END-- [ RunTime:0.000335s ]
ERR: SQLSTATE[HY000] [1045] Access denied for user 'zoga'@'SC-201707131806' (using password: YES)

[ 2017-11-13T10:01:58+08:00 ] 127.0.0.1 /index.php/Coct/Sso/systemstatus
INFO: [ app_init ] --START--
INFO: Run Behavior\BuildLiteBehavior [ RunTime:0.000006s ]
INFO: [ app_init ] --END-- [ RunTime:0.000189s ]
INFO: [ app_begin ] --START--
INFO: Run Behavior\ReadHtmlCacheBehavior [ RunTime:0.000308s ]
INFO: [ app_begin ] --END-- [ RunTime:0.000340s ]
ERR: SQLSTATE[HY000] [1045] Access denied for user 'zoga'@'SC-201707131806' (using password: YES)

[ 2017-11-13T10:01:59+08:00 ] 127.0.0.1 /index.php/Coct/Sso/systemstatus
INFO: [ app_init ] --START--
INFO: Run Behavior\BuildLiteBehavior [ RunTime:0.000008s ]
INFO: [ app_init ] --END-- [ RunTime:0.000194s ]
INFO: [ app_begin ] --START--
INFO: Run Behavior\ReadHtmlCacheBehavior [ RunTime:0.000280s ]
INFO: [ app_begin ] --END-- [ RunTime:0.000308s ]
ERR: SQLSTATE[HY000] [1045] Access denied for user 'zoga'@'SC-201707131806' (using password: YES)

[ 2017-11-13T10:01:59+08:00 ] 127.0.0.1 /index.php/Coct/Sso/systemstatus
INFO: [ app_init ] --START--
INFO: Run Behavior\BuildLiteBehavior [ RunTime:0.000007s ]
INFO: [ app_init ] --END-- [ RunTime:0.000191s ]
INFO: [ app_begin ] --START--
INFO: Run Behavior\ReadHtmlCacheBehavior [ RunTime:0.000283s ]
INFO: [ app_begin ] --END-- [ RunTime:0.000312s ]
ERR: SQLSTATE[HY000] [1045] Access denied for user 'zoga'@'SC-201707131806' (using password: YES)

[ 2017-11-13T10:01:59+08:00 ] 127.0.0.1 /index.php/Coct/Sso/systemstatus
INFO: [ app_init ] --START--
INFO: Run Behavior\BuildLiteBehavior [ RunTime:0.000007s ]
INFO: [ app_init ] --END-- [ RunTime:0.000194s ]
INFO: [ app_begin ] --START--
INFO: Run Behavior\ReadHtmlCacheBehavior [ RunTime:0.000339s ]
INFO: [ app_begin ] --END-- [ RunTime:0.000368s ]
ERR: SQLSTATE[HY000] [1045] Access denied for user 'zoga'@'SC-201707131806' (using password: YES)

[ 2017-11-13T10:01:59+08:00 ] 127.0.0.1 /index.php/Coct/Sso/systemstatus
INFO: [ app_init ] --START--
INFO: Run Behavior\BuildLiteBehavior [ RunTime:0.000006s ]
INFO: [ app_init ] --END-- [ RunTime:0.000195s ]
INFO: [ app_begin ] --START--
INFO: Run Behavior\ReadHtmlCacheBehavior [ RunTime:0.000294s ]
INFO: [ app_begin ] --END-- [ RunTime:0.000325s ]
ERR: SQLSTATE[HY000] [1045] Access denied for user 'zoga'@'SC-201707131806' (using password: YES)

[ 2017-11-13T10:05:25+08:00 ] 127.0.0.1 /index.php/Coct/Sso/systemstatus
INFO: [ app_init ] --START--
INFO: Run Behavior\BuildLiteBehavior [ RunTime:0.000007s ]
INFO: [ app_init ] --END-- [ RunTime:0.000229s ]
INFO: [ app_begin ] --START--
INFO: Run Behavior\ReadHtmlCacheBehavior [ RunTime:0.000382s ]
INFO: [ app_begin ] --END-- [ RunTime:0.000412s ]
ERR: 1146:Table 'zoga_crm_risk.crm_pms_system' doesn't exist
 [ SQL语句 ] : SHOW COLUMNS FROM `crm_pms_system`
ERR: 1146:Table 'zoga_crm_risk.crm_pms_system' doesn't exist
 [ SQL语句 ] : SHOW COLUMNS FROM `crm_pms_system`

[ 2017-11-13T10:05:59+08:00 ] 127.0.0.1 /index.php/Coct/Sso/systemstatus
INFO: [ app_init ] --START--
INFO: Run Behavior\BuildLiteBehavior [ RunTime:0.000007s ]
INFO: [ app_init ] --END-- [ RunTime:0.000222s ]
INFO: [ app_begin ] --START--
INFO: Run Behavior\ReadHtmlCacheBehavior [ RunTime:0.000294s ]
INFO: [ app_begin ] --END-- [ RunTime:0.000327s ]
ERR: 1146:Table 'zoga_crm_risk.crm_pms_system' doesn't exist
 [ SQL语句 ] : SHOW COLUMNS FROM `crm_pms_system`
ERR: 1146:Table 'zoga_crm_risk.crm_pms_system' doesn't exist
 [ SQL语句 ] : SHOW COLUMNS FROM `crm_pms_system`

[ 2017-11-13T10:06:00+08:00 ] 127.0.0.1 /index.php/Coct/Sso/systemstatus
INFO: [ app_init ] --START--
INFO: Run Behavior\BuildLiteBehavior [ RunTime:0.000006s ]
INFO: [ app_init ] --END-- [ RunTime:0.000186s ]
INFO: [ app_begin ] --START--
INFO: Run Behavior\ReadHtmlCacheBehavior [ RunTime:0.000338s ]
INFO: [ app_begin ] --END-- [ RunTime:0.000386s ]
ERR: 1146:Table 'zoga_crm_risk.crm_pms_system' doesn't exist
 [ SQL语句 ] : SHOW COLUMNS FROM `crm_pms_system`
ERR: 1146:Table 'zoga_crm_risk.crm_pms_system' doesn't exist
 [ SQL语句 ] : SHOW COLUMNS FROM `crm_pms_system`

[ 2017-11-13T10:06:00+08:00 ] 127.0.0.1 /index.php/Coct/Sso/systemstatus
INFO: [ app_init ] --START--
INFO: Run Behavior\BuildLiteBehavior [ RunTime:0.000007s ]
INFO: [ app_init ] --END-- [ RunTime:0.000186s ]
INFO: [ app_begin ] --START--
INFO: Run Behavior\ReadHtmlCacheBehavior [ RunTime:0.000225s ]
INFO: [ app_begin ] --END-- [ RunTime:0.000252s ]
ERR: 1146:Table 'zoga_crm_risk.crm_pms_system' doesn't exist
 [ SQL语句 ] : SHOW COLUMNS FROM `crm_pms_system`
ERR: 1146:Table 'zoga_crm_risk.crm_pms_system' doesn't exist
 [ SQL语句 ] : SHOW COLUMNS FROM `crm_pms_system`

[ 2017-11-13T10:06:01+08:00 ] 127.0.0.1 /index.php/Coct/Sso/systemstatus
INFO: [ app_init ] --START--
INFO: Run Behavior\BuildLiteBehavior [ RunTime:0.000007s ]
INFO: [ app_init ] --END-- [ RunTime:0.000191s ]
INFO: [ app_begin ] --START--
INFO: Run Behavior\ReadHtmlCacheBehavior [ RunTime:0.000253s ]
INFO: [ app_begin ] --END-- [ RunTime:0.000280s ]
ERR: 1146:Table 'zoga_crm_risk.crm_pms_system' doesn't exist
 [ SQL语句 ] : SHOW COLUMNS FROM `crm_pms_system`
ERR: 1146:Table 'zoga_crm_risk.crm_pms_system' doesn't exist
 [ SQL语句 ] : SHOW COLUMNS FROM `crm_pms_system`

[ 2017-11-13T10:06:17+08:00 ] 127.0.0.1 /index.php/Coct/Sso/systemstatus
INFO: [ app_init ] --START--
INFO: Run Behavior\BuildLiteBehavior [ RunTime:0.000006s ]
INFO: [ app_init ] --END-- [ RunTime:0.000189s ]
INFO: [ app_begin ] --START--
INFO: Run Behavior\ReadHtmlCacheBehavior [ RunTime:0.000257s ]
INFO: [ app_begin ] --END-- [ RunTime:0.000284s ]
ERR: 1146:Table 'zoga_crm_risk.crm_pms_system' doesn't exist
 [ SQL语句 ] : SHOW COLUMNS FROM `crm_pms_system`
ERR: 1146:Table 'zoga_crm_risk.crm_pms_system' doesn't exist
 [ SQL语句 ] : SHOW COLUMNS FROM `crm_pms_system`

[ 2017-11-13T10:09:03+08:00 ] 127.0.0.1 /index.php/Coct/Sso/systemstatus
INFO: [ app_init ] --START--
INFO: Run Behavior\BuildLiteBehavior [ RunTime:0.000007s ]
INFO: [ app_init ] --END-- [ RunTime:0.000222s ]
INFO: [ app_begin ] --START--
INFO: Run Behavior\ReadHtmlCacheBehavior [ RunTime:0.000256s ]
INFO: [ app_begin ] --END-- [ RunTime:0.000285s ]
ERR: 1146:Table 'zoga_crm_risk.crm_pms_system' doesn't exist
 [ SQL语句 ] : SHOW COLUMNS FROM `crm_pms_system`
ERR: 1146:Table 'zoga_crm_risk.crm_pms_system' doesn't exist
 [ SQL语句 ] : SHOW COLUMNS FROM `crm_pms_system`

[ 2017-11-13T10:09:03+08:00 ] 127.0.0.1 /index.php/Coct/Sso/systemstatus
INFO: [ app_init ] --START--
INFO: Run Behavior\BuildLiteBehavior [ RunTime:0.000006s ]
INFO: [ app_init ] --END-- [ RunTime:0.000187s ]
INFO: [ app_begin ] --START--
INFO: Run Behavior\ReadHtmlCacheBehavior [ RunTime:0.000230s ]
INFO: [ app_begin ] --END-- [ RunTime:0.000256s ]
ERR: 1146:Table 'zoga_crm_risk.crm_pms_system' doesn't exist
 [ SQL语句 ] : SHOW COLUMNS FROM `crm_pms_system`
ERR: 1146:Table 'zoga_crm_risk.crm_pms_system' doesn't exist
 [ SQL语句 ] : SHOW COLUMNS FROM `crm_pms_system`

[ 2017-11-13T10:09:03+08:00 ] 127.0.0.1 /index.php/Coct/Sso/systemstatus
INFO: [ app_init ] --START--
INFO: Run Behavior\BuildLiteBehavior [ RunTime:0.000006s ]
INFO: [ app_init ] --END-- [ RunTime:0.000188s ]
INFO: [ app_begin ] --START--
INFO: Run Behavior\ReadHtmlCacheBehavior [ RunTime:0.000225s ]
INFO: [ app_begin ] --END-- [ RunTime:0.000252s ]
ERR: 1146:Table 'zoga_crm_risk.crm_pms_system' doesn't exist
 [ SQL语句 ] : SHOW COLUMNS FROM `crm_pms_system`
ERR: 1146:Table 'zoga_crm_risk.crm_pms_system' doesn't exist
 [ SQL语句 ] : SHOW COLUMNS FROM `crm_pms_system`

[ 2017-11-13T10:09:04+08:00 ] 127.0.0.1 /index.php/Coct/Sso/systemstatus
INFO: [ app_init ] --START--
INFO: Run Behavior\BuildLiteBehavior [ RunTime:0.000007s ]
INFO: [ app_init ] --END-- [ RunTime:0.000191s ]
INFO: [ app_begin ] --START--
INFO: Run Behavior\ReadHtmlCacheBehavior [ RunTime:0.000224s ]
INFO: [ app_begin ] --END-- [ RunTime:0.000253s ]
ERR: 1146:Table 'zoga_crm_risk.crm_pms_system' doesn't exist
 [ SQL语句 ] : SHOW COLUMNS FROM `crm_pms_system`
ERR: 1146:Table 'zoga_crm_risk.crm_pms_system' doesn't exist
 [ SQL语句 ] : SHOW COLUMNS FROM `crm_pms_system`

[ 2017-11-13T10:09:05+08:00 ] 127.0.0.1 /index.php/Coct/Sso/systemstatus
INFO: [ app_init ] --START--
INFO: Run Behavior\BuildLiteBehavior [ RunTime:0.000007s ]
INFO: [ app_init ] --END-- [ RunTime:0.000192s ]
INFO: [ app_begin ] --START--
INFO: Run Behavior\ReadHtmlCacheBehavior [ RunTime:0.000228s ]
INFO: [ app_begin ] --END-- [ RunTime:0.000256s ]
ERR: 1146:Table 'zoga_crm_risk.crm_pms_system' doesn't exist
 [ SQL语句 ] : SHOW COLUMNS FROM `crm_pms_system`
ERR: 1146:Table 'zoga_crm_risk.crm_pms_system' doesn't exist
 [ SQL语句 ] : SHOW COLUMNS FROM `crm_pms_system`

[ 2017-11-13T10:09:05+08:00 ] 127.0.0.1 /index.php/Coct/Sso/systemstatus
INFO: [ app_init ] --START--
INFO: Run Behavior\BuildLiteBehavior [ RunTime:0.000010s ]
INFO: [ app_init ] --END-- [ RunTime:0.000237s ]
INFO: [ app_begin ] --START--
INFO: Run Behavior\ReadHtmlCacheBehavior [ RunTime:0.000245s ]
INFO: [ app_begin ] --END-- [ RunTime:0.000277s ]
ERR: 1146:Table 'zoga_crm_risk.crm_pms_system' doesn't exist
 [ SQL语句 ] : SHOW COLUMNS FROM `crm_pms_system`
ERR: 1146:Table 'zoga_crm_risk.crm_pms_system' doesn't exist
 [ SQL语句 ] : SHOW COLUMNS FROM `crm_pms_system`

[ 2017-11-13T10:09:15+08:00 ] 127.0.0.1 /index.php/Coct/Sso/systemstatus
INFO: [ app_init ] --START--
INFO: Run Behavior\BuildLiteBehavior [ RunTime:0.000006s ]
INFO: [ app_init ] --END-- [ RunTime:0.000223s ]
INFO: [ app_begin ] --START--
INFO: Run Behavior\ReadHtmlCacheBehavior [ RunTime:0.000230s ]
INFO: [ app_begin ] --END-- [ RunTime:0.000258s ]
ERR: 1146:Table 'zoga_crm_risk.crm_pms_system' doesn't exist
 [ SQL语句 ] : SHOW COLUMNS FROM `crm_pms_system`
ERR: 1146:Table 'zoga_crm_risk.crm_pms_system' doesn't exist
 [ SQL语句 ] : SHOW COLUMNS FROM `crm_pms_system`

[ 2017-11-13T10:09:16+08:00 ] 127.0.0.1 /index.php/Coct/Sso/systemstatus
INFO: [ app_init ] --START--
INFO: Run Behavior\BuildLiteBehavior [ RunTime:0.000006s ]
INFO: [ app_init ] --END-- [ RunTime:0.000191s ]
INFO: [ app_begin ] --START--
INFO: Run Behavior\ReadHtmlCacheBehavior [ RunTime:0.000225s ]
INFO: [ app_begin ] --END-- [ RunTime:0.000253s ]
ERR: 1146:Table 'zoga_crm_risk.crm_pms_system' doesn't exist
 [ SQL语句 ] : SHOW COLUMNS FROM `crm_pms_system`
ERR: 1146:Table 'zoga_crm_risk.crm_pms_system' doesn't exist
 [ SQL语句 ] : SHOW COLUMNS FROM `crm_pms_system`

[ 2017-11-13T10:09:17+08:00 ] 127.0.0.1 /index.php/Coct/Sso/systemstatus
INFO: [ app_init ] --START--
INFO: Run Behavior\BuildLiteBehavior [ RunTime:0.000007s ]
INFO: [ app_init ] --END-- [ RunTime:0.000402s ]
INFO: [ app_begin ] --START--
INFO: Run Behavior\ReadHtmlCacheBehavior [ RunTime:0.000230s ]
INFO: [ app_begin ] --END-- [ RunTime:0.000258s ]
ERR: 1146:Table 'zoga_crm_risk.crm_pms_system' doesn't exist
 [ SQL语句 ] : SHOW COLUMNS FROM `crm_pms_system`
ERR: 1146:Table 'zoga_crm_risk.crm_pms_system' doesn't exist
 [ SQL语句 ] : SHOW COLUMNS FROM `crm_pms_system`

[ 2017-11-13T10:09:17+08:00 ] 127.0.0.1 /index.php/Coct/Sso/systemstatus
INFO: [ app_init ] --START--
INFO: Run Behavior\BuildLiteBehavior [ RunTime:0.000007s ]
INFO: [ app_init ] --END-- [ RunTime:0.000189s ]
INFO: [ app_begin ] --START--
INFO: Run Behavior\ReadHtmlCacheBehavior [ RunTime:0.000260s ]
INFO: [ app_begin ] --END-- [ RunTime:0.000291s ]
ERR: 1146:Table 'zoga_crm_risk.crm_pms_system' doesn't exist
 [ SQL语句 ] : SHOW COLUMNS FROM `crm_pms_system`
ERR: 1146:Table 'zoga_crm_risk.crm_pms_system' doesn't exist
 [ SQL语句 ] : SHOW COLUMNS FROM `crm_pms_system`

[ 2017-11-13T10:09:17+08:00 ] 127.0.0.1 /index.php/Coct/Sso/systemstatus
INFO: [ app_init ] --START--
INFO: Run Behavior\BuildLiteBehavior [ RunTime:0.000007s ]
INFO: [ app_init ] --END-- [ RunTime:0.000191s ]
INFO: [ app_begin ] --START--
INFO: Run Behavior\ReadHtmlCacheBehavior [ RunTime:0.000329s ]
INFO: [ app_begin ] --END-- [ RunTime:0.000393s ]
ERR: 1146:Table 'zoga_crm_risk.crm_pms_system' doesn't exist
 [ SQL语句 ] : SHOW COLUMNS FROM `crm_pms_system`
ERR: 1146:Table 'zoga_crm_risk.crm_pms_system' doesn't exist
 [ SQL语句 ] : SHOW COLUMNS FROM `crm_pms_system`

[ 2017-11-13T10:09:17+08:00 ] 127.0.0.1 /index.php/Coct/Sso/systemstatus
INFO: [ app_init ] --START--
INFO: Run Behavior\BuildLiteBehavior [ RunTime:0.000006s ]
INFO: [ app_init ] --END-- [ RunTime:0.000190s ]
INFO: [ app_begin ] --START--
INFO: Run Behavior\ReadHtmlCacheBehavior [ RunTime:0.000224s ]
INFO: [ app_begin ] --END-- [ RunTime:0.000321s ]
ERR: 1146:Table 'zoga_crm_risk.crm_pms_system' doesn't exist
 [ SQL语句 ] : SHOW COLUMNS FROM `crm_pms_system`
ERR: 1146:Table 'zoga_crm_risk.crm_pms_system' doesn't exist
 [ SQL语句 ] : SHOW COLUMNS FROM `crm_pms_system`

[ 2017-11-13T10:09:18+08:00 ] 127.0.0.1 /index.php/Coct/Sso/systemstatus
INFO: [ app_init ] --START--
INFO: Run Behavior\BuildLiteBehavior [ RunTime:0.000007s ]
INFO: [ app_init ] --END-- [ RunTime:0.000197s ]
INFO: [ app_begin ] --START--
INFO: Run Behavior\ReadHtmlCacheBehavior [ RunTime:0.000274s ]
INFO: [ app_begin ] --END-- [ RunTime:0.000307s ]
ERR: 1146:Table 'zoga_crm_risk.crm_pms_system' doesn't exist
 [ SQL语句 ] : SHOW COLUMNS FROM `crm_pms_system`
ERR: 1146:Table 'zoga_crm_risk.crm_pms_system' doesn't exist
 [ SQL语句 ] : SHOW COLUMNS FROM `crm_pms_system`

[ 2017-11-13T10:09:18+08:00 ] 127.0.0.1 /index.php/Coct/Sso/systemstatus
INFO: [ app_init ] --START--
INFO: Run Behavior\BuildLiteBehavior [ RunTime:0.000007s ]
INFO: [ app_init ] --END-- [ RunTime:0.000192s ]
INFO: [ app_begin ] --START--
INFO: Run Behavior\ReadHtmlCacheBehavior [ RunTime:0.000226s ]
INFO: [ app_begin ] --END-- [ RunTime:0.000253s ]
ERR: 1146:Table 'zoga_crm_risk.crm_pms_system' doesn't exist
 [ SQL语句 ] : SHOW COLUMNS FROM `crm_pms_system`
ERR: 1146:Table 'zoga_crm_risk.crm_pms_system' doesn't exist
 [ SQL语句 ] : SHOW COLUMNS FROM `crm_pms_system`

[ 2017-11-13T10:09:18+08:00 ] 127.0.0.1 /index.php/Coct/Sso/systemstatus
INFO: [ app_init ] --START--
INFO: Run Behavior\BuildLiteBehavior [ RunTime:0.000007s ]
INFO: [ app_init ] --END-- [ RunTime:0.000194s ]
INFO: [ app_begin ] --START--
INFO: Run Behavior\ReadHtmlCacheBehavior [ RunTime:0.000226s ]
INFO: [ app_begin ] --END-- [ RunTime:0.000253s ]
ERR: 1146:Table 'zoga_crm_risk.crm_pms_system' doesn't exist
 [ SQL语句 ] : SHOW COLUMNS FROM `crm_pms_system`
ERR: 1146:Table 'zoga_crm_risk.crm_pms_system' doesn't exist
 [ SQL语句 ] : SHOW COLUMNS FROM `crm_pms_system`

[ 2017-11-13T10:09:18+08:00 ] 127.0.0.1 /index.php/Coct/Sso/systemstatus
INFO: [ app_init ] --START--
INFO: Run Behavior\BuildLiteBehavior [ RunTime:0.000006s ]
INFO: [ app_init ] --END-- [ RunTime:0.000186s ]
INFO: [ app_begin ] --START--
INFO: Run Behavior\ReadHtmlCacheBehavior [ RunTime:0.000225s ]
INFO: [ app_begin ] --END-- [ RunTime:0.000251s ]
ERR: 1146:Table 'zoga_crm_risk.crm_pms_system' doesn't exist
 [ SQL语句 ] : SHOW COLUMNS FROM `crm_pms_system`
ERR: 1146:Table 'zoga_crm_risk.crm_pms_system' doesn't exist
 [ SQL语句 ] : SHOW COLUMNS FROM `crm_pms_system`

[ 2017-11-13T10:15:17+08:00 ] 127.0.0.1 /index.php/Coct/Sso/systemstatus
INFO: [ app_init ] --START--
INFO: Run Behavior\BuildLiteBehavior [ RunTime:0.000007s ]
INFO: [ app_init ] --END-- [ RunTime:0.000236s ]
INFO: [ app_begin ] --START--
INFO: Run Behavior\ReadHtmlCacheBehavior [ RunTime:0.000269s ]
INFO: [ app_begin ] --END-- [ RunTime:0.000298s ]
ERR: 1146:Table 'zoga_crm_risk.crm_pms_system' doesn't exist
 [ SQL语句 ] : SHOW COLUMNS FROM `crm_pms_system`
ERR: 1146:Table 'zoga_crm_risk.crm_pms_system' doesn't exist
 [ SQL语句 ] : SHOW COLUMNS FROM `crm_pms_system`

[ 2017-11-13T10:15:19+08:00 ] 127.0.0.1 /index.php/Coct/Sso/systemstatus
INFO: [ app_init ] --START--
INFO: Run Behavior\BuildLiteBehavior [ RunTime:0.000007s ]
INFO: [ app_init ] --END-- [ RunTime:0.000194s ]
INFO: [ app_begin ] --START--
INFO: Run Behavior\ReadHtmlCacheBehavior [ RunTime:0.000224s ]
INFO: [ app_begin ] --END-- [ RunTime:0.000253s ]
ERR: 1146:Table 'zoga_crm_risk.crm_pms_system' doesn't exist
 [ SQL语句 ] : SHOW COLUMNS FROM `crm_pms_system`
ERR: 1146:Table 'zoga_crm_risk.crm_pms_system' doesn't exist
 [ SQL语句 ] : SHOW COLUMNS FROM `crm_pms_system`

[ 2017-11-13T10:16:08+08:00 ] 127.0.0.1 /index.php/Coct/Sso/systemstatus
INFO: [ app_init ] --START--
INFO: Run Behavior\BuildLiteBehavior [ RunTime:0.000007s ]
INFO: [ app_init ] --END-- [ RunTime:0.000192s ]
INFO: [ app_begin ] --START--
INFO: Run Behavior\ReadHtmlCacheBehavior [ RunTime:0.000227s ]
INFO: [ app_begin ] --END-- [ RunTime:0.000254s ]
ERR: 1146:Table 'zoga_crm_risk.crm_pms_system' doesn't exist
 [ SQL语句 ] : SHOW COLUMNS FROM `crm_pms_system`
ERR: 1146:Table 'zoga_crm_risk.crm_pms_system' doesn't exist
 [ SQL语句 ] : SHOW COLUMNS FROM `crm_pms_system`

[ 2017-11-13T10:16:08+08:00 ] 127.0.0.1 /index.php/Coct/Sso/systemstatus
INFO: [ app_init ] --START--
INFO: Run Behavior\BuildLiteBehavior [ RunTime:0.000007s ]
INFO: [ app_init ] --END-- [ RunTime:0.000195s ]
INFO: [ app_begin ] --START--
INFO: Run Behavior\ReadHtmlCacheBehavior [ RunTime:0.000233s ]
INFO: [ app_begin ] --END-- [ RunTime:0.000261s ]
ERR: 1146:Table 'zoga_crm_risk.crm_pms_system' doesn't exist
 [ SQL语句 ] : SHOW COLUMNS FROM `crm_pms_system`
ERR: 1146:Table 'zoga_crm_risk.crm_pms_system' doesn't exist
 [ SQL语句 ] : SHOW COLUMNS FROM `crm_pms_system`

[ 2017-11-13T10:16:08+08:00 ] 127.0.0.1 /index.php/Coct/Sso/systemstatus
INFO: [ app_init ] --START--
INFO: Run Behavior\BuildLiteBehavior [ RunTime:0.000006s ]
INFO: [ app_init ] --END-- [ RunTime:0.000188s ]
INFO: [ app_begin ] --START--
INFO: Run Behavior\ReadHtmlCacheBehavior [ RunTime:0.000398s ]
INFO: [ app_begin ] --END-- [ RunTime:0.000439s ]
ERR: 1146:Table 'zoga_crm_risk.crm_pms_system' doesn't exist
 [ SQL语句 ] : SHOW COLUMNS FROM `crm_pms_system`
ERR: 1146:Table 'zoga_crm_risk.crm_pms_system' doesn't exist
 [ SQL语句 ] : SHOW COLUMNS FROM `crm_pms_system`

[ 2017-11-13T10:16:13+08:00 ] 127.0.0.1 /index.php/Coct/Sso/systemstatus
INFO: [ app_init ] --START--
INFO: Run Behavior\BuildLiteBehavior [ RunTime:0.000007s ]
INFO: [ app_init ] --END-- [ RunTime:0.000192s ]
INFO: [ app_begin ] --START--
INFO: Run Behavior\ReadHtmlCacheBehavior [ RunTime:0.000277s ]
INFO: [ app_begin ] --END-- [ RunTime:0.000320s ]
ERR: 1146:Table 'zoga_crm_risk.crm_pms_system' doesn't exist
 [ SQL语句 ] : SHOW COLUMNS FROM `crm_pms_system`
ERR: 1146:Table 'zoga_crm_risk.crm_pms_system' doesn't exist
 [ SQL语句 ] : SHOW COLUMNS FROM `crm_pms_system`

[ 2017-11-13T10:16:14+08:00 ] 127.0.0.1 /index.php/Coct/Sso/systemstatus
INFO: [ app_init ] --START--
INFO: Run Behavior\BuildLiteBehavior [ RunTime:0.000006s ]
INFO: [ app_init ] --END-- [ RunTime:0.000188s ]
INFO: [ app_begin ] --START--
INFO: Run Behavior\ReadHtmlCacheBehavior [ RunTime:0.000223s ]
INFO: [ app_begin ] --END-- [ RunTime:0.000249s ]
ERR: 1146:Table 'zoga_crm_risk.crm_pms_system' doesn't exist
 [ SQL语句 ] : SHOW COLUMNS FROM `crm_pms_system`
ERR: 1146:Table 'zoga_crm_risk.crm_pms_system' doesn't exist
 [ SQL语句 ] : SHOW COLUMNS FROM `crm_pms_system`

[ 2017-11-13T10:16:14+08:00 ] 127.0.0.1 /index.php/Coct/Sso/systemstatus
INFO: [ app_init ] --START--
INFO: Run Behavior\BuildLiteBehavior [ RunTime:0.000008s ]
INFO: [ app_init ] --END-- [ RunTime:0.000226s ]
INFO: [ app_begin ] --START--
INFO: Run Behavior\ReadHtmlCacheBehavior [ RunTime:0.000228s ]
INFO: [ app_begin ] --END-- [ RunTime:0.000255s ]
ERR: 1146:Table 'zoga_crm_risk.crm_pms_system' doesn't exist
 [ SQL语句 ] : SHOW COLUMNS FROM `crm_pms_system`
ERR: 1146:Table 'zoga_crm_risk.crm_pms_system' doesn't exist
 [ SQL语句 ] : SHOW COLUMNS FROM `crm_pms_system`

[ 2017-11-13T10:16:17+08:00 ] 127.0.0.1 /index.php/Coct/Sso/systemstatus
INFO: [ app_init ] --START--
INFO: Run Behavior\BuildLiteBehavior [ RunTime:0.000007s ]
INFO: [ app_init ] --END-- [ RunTime:0.000190s ]
INFO: [ app_begin ] --START--
INFO: Run Behavior\ReadHtmlCacheBehavior [ RunTime:0.000265s ]
INFO: [ app_begin ] --END-- [ RunTime:0.000292s ]
ERR: 1146:Table 'zoga_crm_risk.crm_pms_system' doesn't exist
 [ SQL语句 ] : SHOW COLUMNS FROM `crm_pms_system`
ERR: 1146:Table 'zoga_crm_risk.crm_pms_system' doesn't exist
 [ SQL语句 ] : SHOW COLUMNS FROM `crm_pms_system`

[ 2017-11-13T10:17:12+08:00 ] 127.0.0.1 /index.php/Coct/Sso/systemstatus
INFO: [ app_init ] --START--
INFO: Run Behavior\BuildLiteBehavior [ RunTime:0.000006s ]
INFO: [ app_init ] --END-- [ RunTime:0.000217s ]
INFO: [ app_begin ] --START--
INFO: Run Behavior\ReadHtmlCacheBehavior [ RunTime:0.000228s ]
INFO: [ app_begin ] --END-- [ RunTime:0.000255s ]
ERR: 1146:Table 'zoga_crm_risk.crm_pms_system' doesn't exist
 [ SQL语句 ] : SHOW COLUMNS FROM `crm_pms_system`
ERR: 1146:Table 'zoga_crm_risk.crm_pms_system' doesn't exist
 [ SQL语句 ] : SHOW COLUMNS FROM `crm_pms_system`

[ 2017-11-13T10:17:13+08:00 ] 127.0.0.1 /index.php/Coct/Sso/systemstatus
INFO: [ app_init ] --START--
INFO: Run Behavior\BuildLiteBehavior [ RunTime:0.000007s ]
INFO: [ app_init ] --END-- [ RunTime:0.000198s ]
INFO: [ app_begin ] --START--
INFO: Run Behavior\ReadHtmlCacheBehavior [ RunTime:0.000547s ]
INFO: [ app_begin ] --END-- [ RunTime:0.000576s ]
ERR: 1146:Table 'zoga_crm_risk.crm_pms_system' doesn't exist
 [ SQL语句 ] : SHOW COLUMNS FROM `crm_pms_system`
ERR: 1146:Table 'zoga_crm_risk.crm_pms_system' doesn't exist
 [ SQL语句 ] : SHOW COLUMNS FROM `crm_pms_system`

[ 2017-11-13T10:17:13+08:00 ] 127.0.0.1 /index.php/Coct/Sso/systemstatus
INFO: [ app_init ] --START--
INFO: Run Behavior\BuildLiteBehavior [ RunTime:0.000007s ]
INFO: [ app_init ] --END-- [ RunTime:0.000191s ]
INFO: [ app_begin ] --START--
INFO: Run Behavior\ReadHtmlCacheBehavior [ RunTime:0.000228s ]
INFO: [ app_begin ] --END-- [ RunTime:0.000256s ]
ERR: 1146:Table 'zoga_crm_risk.crm_pms_system' doesn't exist
 [ SQL语句 ] : SHOW COLUMNS FROM `crm_pms_system`
ERR: 1146:Table 'zoga_crm_risk.crm_pms_system' doesn't exist
 [ SQL语句 ] : SHOW COLUMNS FROM `crm_pms_system`

[ 2017-11-13T10:17:13+08:00 ] 127.0.0.1 /index.php/Coct/Sso/systemstatus
INFO: [ app_init ] --START--
INFO: Run Behavior\BuildLiteBehavior [ RunTime:0.000007s ]
INFO: [ app_init ] --END-- [ RunTime:0.000194s ]
INFO: [ app_begin ] --START--
INFO: Run Behavior\ReadHtmlCacheBehavior [ RunTime:0.000226s ]
INFO: [ app_begin ] --END-- [ RunTime:0.000251s ]
ERR: 1146:Table 'zoga_crm_risk.crm_pms_system' doesn't exist
 [ SQL语句 ] : SHOW COLUMNS FROM `crm_pms_system`
ERR: 1146:Table 'zoga_crm_risk.crm_pms_system' doesn't exist
 [ SQL语句 ] : SHOW COLUMNS FROM `crm_pms_system`

[ 2017-11-13T10:17:14+08:00 ] 127.0.0.1 /index.php/Coct/Sso/systemstatus
INFO: [ app_init ] --START--
INFO: Run Behavior\BuildLiteBehavior [ RunTime:0.000007s ]
INFO: [ app_init ] --END-- [ RunTime:0.000195s ]
INFO: [ app_begin ] --START--
INFO: Run Behavior\ReadHtmlCacheBehavior [ RunTime:0.000265s ]
INFO: [ app_begin ] --END-- [ RunTime:0.000293s ]
ERR: 1146:Table 'zoga_crm_risk.crm_pms_system' doesn't exist
 [ SQL语句 ] : SHOW COLUMNS FROM `crm_pms_system`
ERR: 1146:Table 'zoga_crm_risk.crm_pms_system' doesn't exist
 [ SQL语句 ] : SHOW COLUMNS FROM `crm_pms_system`

[ 2017-11-13T10:17:55+08:00 ] 127.0.0.1 /index.php/Coct/Sso/systemstatus
INFO: [ app_init ] --START--
INFO: Run Behavior\BuildLiteBehavior [ RunTime:0.000006s ]
INFO: [ app_init ] --END-- [ RunTime:0.000222s ]
INFO: [ app_begin ] --START--
INFO: Run Behavior\ReadHtmlCacheBehavior [ RunTime:0.000253s ]
INFO: [ app_begin ] --END-- [ RunTime:0.000281s ]
ERR: 无法加载数据库驱动: Think\Db\Driver\

[ 2017-11-13T10:17:56+08:00 ] 127.0.0.1 /index.php/Coct/Sso/systemstatus
INFO: [ app_init ] --START--
INFO: Run Behavior\BuildLiteBehavior [ RunTime:0.000006s ]
INFO: [ app_init ] --END-- [ RunTime:0.000188s ]
INFO: [ app_begin ] --START--
INFO: Run Behavior\ReadHtmlCacheBehavior [ RunTime:0.000292s ]
INFO: [ app_begin ] --END-- [ RunTime:0.000332s ]
ERR: 无法加载数据库驱动: Think\Db\Driver\

[ 2017-11-13T10:17:56+08:00 ] 127.0.0.1 /index.php/Coct/Sso/systemstatus
INFO: [ app_init ] --START--
INFO: Run Behavior\BuildLiteBehavior [ RunTime:0.000006s ]
INFO: [ app_init ] --END-- [ RunTime:0.000187s ]
INFO: [ app_begin ] --START--
INFO: Run Behavior\ReadHtmlCacheBehavior [ RunTime:0.000258s ]
INFO: [ app_begin ] --END-- [ RunTime:0.000286s ]
ERR: 无法加载数据库驱动: Think\Db\Driver\

[ 2017-11-13T10:19:54+08:00 ] 127.0.0.1 /index.php/Coct/Sso/systemstatus
INFO: [ app_init ] --START--
INFO: Run Behavior\BuildLiteBehavior [ RunTime:0.000007s ]
INFO: [ app_init ] --END-- [ RunTime:0.000220s ]
INFO: [ app_begin ] --START--
INFO: Run Behavior\ReadHtmlCacheBehavior [ RunTime:0.000315s ]
INFO: [ app_begin ] --END-- [ RunTime:0.000343s ]
ERR: 1146:Table 'zoga_crm_risk.crm_pms_system' doesn't exist
 [ SQL语句 ] : SHOW COLUMNS FROM `crm_pms_system`
ERR: 1146:Table 'zoga_crm_risk.crm_pms_system' doesn't exist
 [ SQL语句 ] : SHOW COLUMNS FROM `crm_pms_system`

[ 2017-11-13T10:19:55+08:00 ] 127.0.0.1 /index.php/Coct/Sso/systemstatus
INFO: [ app_init ] --START--
INFO: Run Behavior\BuildLiteBehavior [ RunTime:0.000007s ]
INFO: [ app_init ] --END-- [ RunTime:0.000217s ]
INFO: [ app_begin ] --START--
INFO: Run Behavior\ReadHtmlCacheBehavior [ RunTime:0.000370s ]
INFO: [ app_begin ] --END-- [ RunTime:0.000398s ]
ERR: 1146:Table 'zoga_crm_risk.crm_pms_system' doesn't exist
 [ SQL语句 ] : SHOW COLUMNS FROM `crm_pms_system`
ERR: 1146:Table 'zoga_crm_risk.crm_pms_system' doesn't exist
 [ SQL语句 ] : SHOW COLUMNS FROM `crm_pms_system`

[ 2017-11-13T10:19:55+08:00 ] 127.0.0.1 /index.php/Coct/Sso/systemstatus
INFO: [ app_init ] --START--
INFO: Run Behavior\BuildLiteBehavior [ RunTime:0.000008s ]
INFO: [ app_init ] --END-- [ RunTime:0.000220s ]
INFO: [ app_begin ] --START--
INFO: Run Behavior\ReadHtmlCacheBehavior [ RunTime:0.000315s ]
INFO: [ app_begin ] --END-- [ RunTime:0.000343s ]
ERR: 1146:Table 'zoga_crm_risk.crm_pms_system' doesn't exist
 [ SQL语句 ] : SHOW COLUMNS FROM `crm_pms_system`
ERR: 1146:Table 'zoga_crm_risk.crm_pms_system' doesn't exist
 [ SQL语句 ] : SHOW COLUMNS FROM `crm_pms_system`

[ 2017-11-13T10:19:57+08:00 ] 127.0.0.1 /index.php/Coct/Sso/systemstatus
INFO: [ app_init ] --START--
INFO: Run Behavior\BuildLiteBehavior [ RunTime:0.000007s ]
INFO: [ app_init ] --END-- [ RunTime:0.000214s ]
INFO: [ app_begin ] --START--
INFO: Run Behavior\ReadHtmlCacheBehavior [ RunTime:0.000346s ]
INFO: [ app_begin ] --END-- [ RunTime:0.000375s ]
ERR: 1146:Table 'zoga_crm_risk.crm_pms_system' doesn't exist
 [ SQL语句 ] : SHOW COLUMNS FROM `crm_pms_system`
ERR: 1146:Table 'zoga_crm_risk.crm_pms_system' doesn't exist
 [ SQL语句 ] : SHOW COLUMNS FROM `crm_pms_system`

[ 2017-11-13T10:19:57+08:00 ] 127.0.0.1 /index.php/Coct/Sso/systemstatus
INFO: [ app_init ] --START--
INFO: Run Behavior\BuildLiteBehavior [ RunTime:0.000008s ]
INFO: [ app_init ] --END-- [ RunTime:0.000282s ]
INFO: [ app_begin ] --START--
INFO: Run Behavior\ReadHtmlCacheBehavior [ RunTime:0.000315s ]
INFO: [ app_begin ] --END-- [ RunTime:0.000343s ]
ERR: 1146:Table 'zoga_crm_risk.crm_pms_system' doesn't exist
 [ SQL语句 ] : SHOW COLUMNS FROM `crm_pms_system`
ERR: 1146:Table 'zoga_crm_risk.crm_pms_system' doesn't exist
 [ SQL语句 ] : SHOW COLUMNS FROM `crm_pms_system`

[ 2017-11-13T10:20:47+08:00 ] 127.0.0.1 /index.php/Coct/Sso/systemstatus
INFO: [ app_init ] --START--
INFO: Run Behavior\BuildLiteBehavior [ RunTime:0.000007s ]
INFO: [ app_init ] --END-- [ RunTime:0.000226s ]
INFO: [ app_begin ] --START--
INFO: Run Behavior\ReadHtmlCacheBehavior [ RunTime:0.000263s ]
INFO: [ app_begin ] --END-- [ RunTime:0.000291s ]
SQL: SHOW COLUMNS FROM `c_pms_system` [ RunTime:0.0039s ]
SQL: SELECT * FROM `c_pms_system` WHERE `secret` = 'E5pZdva3HVDHfCJmcOdnVfTHoKZNsW2a' LIMIT 1   [ RunTime:0.0042s ]

[ 2017-11-13T10:20:49+08:00 ] 127.0.0.1 /index.php/Coct/Sso/systemstatus
INFO: [ app_init ] --START--
INFO: Run Behavior\BuildLiteBehavior [ RunTime:0.000006s ]
INFO: [ app_init ] --END-- [ RunTime:0.000187s ]
INFO: [ app_begin ] --START--
INFO: Run Behavior\ReadHtmlCacheBehavior [ RunTime:0.000222s ]
INFO: [ app_begin ] --END-- [ RunTime:0.000248s ]
SQL: SHOW COLUMNS FROM `c_pms_system` [ RunTime:0.0037s ]
SQL: SELECT * FROM `c_pms_system` WHERE `secret` = 'xecabIBW4WrIN1Ul0YM2LDDotFQak4zu' LIMIT 1   [ RunTime:0.0037s ]

[ 2017-11-13T10:31:09+08:00 ] 127.0.0.1 /index.php/Coct/Sso/systemstatus
INFO: [ app_init ] --START--
INFO: Run Behavior\BuildLiteBehavior [ RunTime:0.000007s ]
INFO: [ app_init ] --END-- [ RunTime:0.000229s ]
INFO: [ app_begin ] --START--
INFO: Run Behavior\ReadHtmlCacheBehavior [ RunTime:0.000487s ]
INFO: [ app_begin ] --END-- [ RunTime:0.000528s ]
SQL: SHOW COLUMNS FROM `c_pms_system` [ RunTime:0.0064s ]
SQL: SELECT * FROM `c_pms_system` WHERE `secret` = 'E5pZdva3HVDHfCJmcOdnVfTHoKZNsW2a' LIMIT 1   [ RunTime:0.0063s ]

[ 2017-11-13T10:31:16+08:00 ] 127.0.0.1 /index.php/Coct/Sso/systemstatus
INFO: [ app_init ] --START--
INFO: Run Behavior\BuildLiteBehavior [ RunTime:0.000007s ]
INFO: [ app_init ] --END-- [ RunTime:0.000227s ]
INFO: [ app_begin ] --START--
INFO: Run Behavior\ReadHtmlCacheBehavior [ RunTime:0.000332s ]
INFO: [ app_begin ] --END-- [ RunTime:0.000363s ]
SQL: SHOW COLUMNS FROM `c_pms_system` [ RunTime:0.0037s ]
SQL: SELECT * FROM `c_pms_system` WHERE `secret` = 'E5pZdva3HVDHfCJmcOdnVfTHoKZNsW2a' LIMIT 1   [ RunTime:0.0036s ]

[ 2017-11-13T10:31:16+08:00 ] 127.0.0.1 /index.php/Coct/Sso/pclogin
INFO: [ app_init ] --START--
INFO: Run Behavior\BuildLiteBehavior [ RunTime:0.000006s ]
INFO: [ app_init ] --END-- [ RunTime:0.000247s ]
INFO: [ app_begin ] --START--
INFO: Run Behavior\ReadHtmlCacheBehavior [ RunTime:0.000318s ]
INFO: [ app_begin ] --END-- [ RunTime:0.000347s ]
SQL: SHOW COLUMNS FROM `c_useracc` [ RunTime:0.0091s ]
SQL: SELECT * FROM `c_useracc` WHERE `alias` = 'crm2018' AND `password` = '2a4b2f5aa3202c7253a82716591f3f00' LIMIT 1   [ RunTime:0.0092s ]
SQL: UPDATE `c_useracc` SET `currentip`='2130706433',`lastip`='2130706433',`currenttime`='1510540276',`lasttime`='1510539236' WHERE `id` = 10002 [ RunTime:0.0116s ]
NOTIC: [2] unlink(./Exetmp/Temp/7653f5ee126f72b5dc92978036145d82.php): No such file or directory E:\online\upms\Frame\Library\Think\Cache\Driver\File.class.php 第 157 行.
SQL: SELECT * FROM `c_useracc` WHERE `id` = 10002 LIMIT 1   [ RunTime:0.0091s ]

[ 2017-11-13T10:31:16+08:00 ] 127.0.0.1 /index.php/Coct/Sso/p3psave/status/1/sessid/91j6ua9ic3d386fmskm4bkkdr7
INFO: [ app_init ] --START--
INFO: Run Behavior\BuildLiteBehavior [ RunTime:0.000008s ]
INFO: [ app_init ] --END-- [ RunTime:0.000261s ]
INFO: [ app_begin ] --START--
INFO: Run Behavior\ReadHtmlCacheBehavior [ RunTime:0.000351s ]
INFO: [ app_begin ] --END-- [ RunTime:0.000385s ]
SQL: SHOW COLUMNS FROM `c_pms_system` [ RunTime:0.0037s ]
SQL: SELECT * FROM `c_pms_system`  [ RunTime:0.0037s ]
NOTIC: [8] Undefined variable: response E:\online\upms\App\Coct\Controller\SsoController.class.php 第 97 行.
INFO: [ app_end ] --START--
INFO: Run Behavior\ShowPageTraceBehavior [ RunTime:0.014781s ]
INFO: [ app_end ] --END-- [ RunTime:0.014819s ]

[ 2017-11-13T13:43:35+08:00 ] 127.0.0.1 /index.php/Coct/Sso/systemstatus
INFO: [ app_init ] --START--
INFO: Run Behavior\BuildLiteBehavior [ RunTime:0.000016s ]
INFO: [ app_init ] --END-- [ RunTime:0.000418s ]
INFO: [ app_begin ] --START--
INFO: Run Behavior\ReadHtmlCacheBehavior [ RunTime:0.000298s ]
INFO: [ app_begin ] --END-- [ RunTime:0.000325s ]
SQL: SHOW COLUMNS FROM `c_pms_system` [ RunTime:0.0038s ]
SQL: SELECT * FROM `c_pms_system` WHERE `secret` = 'E5pZdva3HVDHfCJmcOdnVfTHoKZNsW2a' LIMIT 1   [ RunTime:0.0038s ]

[ 2017-11-13T17:07:59+08:00 ] 127.0.0.1 /index.php/Coct/Sso/systemstatus
INFO: [ app_init ] --START--
INFO: Run Behavior\BuildLiteBehavior [ RunTime:0.000009s ]
INFO: [ app_init ] --END-- [ RunTime:0.000320s ]
INFO: [ app_begin ] --START--
INFO: Run Behavior\ReadHtmlCacheBehavior [ RunTime:0.000267s ]
INFO: [ app_begin ] --END-- [ RunTime:0.000297s ]
SQL: SHOW COLUMNS FROM `c_pms_system` [ RunTime:0.0064s ]
SQL: SELECT * FROM `c_pms_system` WHERE `secret` = 'E5pZdva3HVDHfCJmcOdnVfTHoKZNsW2a' LIMIT 1   [ RunTime:0.0097s ]

[ 2017-11-13T18:15:37+08:00 ] 127.0.0.1 /index.php/Coct/Sso/systemstatus
INFO: [ app_init ] --START--
INFO: Run Behavior\BuildLiteBehavior [ RunTime:0.000007s ]
INFO: [ app_init ] --END-- [ RunTime:0.000245s ]
INFO: [ app_begin ] --START--
INFO: Run Behavior\ReadHtmlCacheBehavior [ RunTime:0.000272s ]
INFO: [ app_begin ] --END-- [ RunTime:0.000301s ]
SQL: SHOW COLUMNS FROM `c_pms_system` [ RunTime:0.0038s ]
SQL: SELECT * FROM `c_pms_system` WHERE `secret` = 'E5pZdva3HVDHfCJmcOdnVfTHoKZNsW2a' LIMIT 1   [ RunTime:0.0040s ]

[ 2017-11-13T18:15:44+08:00 ] 127.0.0.1 /index.php/Coct/Sso/systemstatus
INFO: [ app_init ] --START--
INFO: Run Behavior\BuildLiteBehavior [ RunTime:0.000007s ]
INFO: [ app_init ] --END-- [ RunTime:0.000223s ]
INFO: [ app_begin ] --START--
INFO: Run Behavior\ReadHtmlCacheBehavior [ RunTime:0.000296s ]
INFO: [ app_begin ] --END-- [ RunTime:0.000325s ]
SQL: SHOW COLUMNS FROM `c_pms_system` [ RunTime:0.0065s ]
SQL: SELECT * FROM `c_pms_system` WHERE `secret` = 'E5pZdva3HVDHfCJmcOdnVfTHoKZNsW2a' LIMIT 1   [ RunTime:0.0065s ]

[ 2017-11-13T18:15:44+08:00 ] 127.0.0.1 /index.php/Coct/Sso/pclogin
INFO: [ app_init ] --START--
INFO: Run Behavior\BuildLiteBehavior [ RunTime:0.000006s ]
INFO: [ app_init ] --END-- [ RunTime:0.000186s ]
INFO: [ app_begin ] --START--
INFO: Run Behavior\ReadHtmlCacheBehavior [ RunTime:0.000227s ]
INFO: [ app_begin ] --END-- [ RunTime:0.000255s ]
SQL: SHOW COLUMNS FROM `c_useracc` [ RunTime:0.0041s ]
SQL: SELECT * FROM `c_useracc` WHERE `alias` = 'crm2018' AND `password` = '2a4b2f5aa3202c7253a82716591f3f00' LIMIT 1   [ RunTime:0.0045s ]
SQL: UPDATE `c_useracc` SET `currentip`='2130706433',`lastip`='2015095825',`currenttime`='1510568144',`lasttime`='1510556089' WHERE `id` = 10002 [ RunTime:0.0145s ]
NOTIC: [2] unlink(./Exetmp/Temp/7653f5ee126f72b5dc92978036145d82.php): No such file or directory E:\online\upms\Frame\Library\Think\Cache\Driver\File.class.php 第 157 行.
SQL: SELECT * FROM `c_useracc` WHERE `id` = 10002 LIMIT 1   [ RunTime:0.0042s ]

[ 2017-11-13T18:15:44+08:00 ] 127.0.0.1 /index.php/Coct/Sso/p3psave/status/1/sessid/0omiji4s7v79fdmifvgf821572
INFO: [ app_init ] --START--
INFO: Run Behavior\BuildLiteBehavior [ RunTime:0.000007s ]
INFO: [ app_init ] --END-- [ RunTime:0.000188s ]
INFO: [ app_begin ] --START--
INFO: Run Behavior\ReadHtmlCacheBehavior [ RunTime:0.000230s ]
INFO: [ app_begin ] --END-- [ RunTime:0.000257s ]
SQL: SHOW COLUMNS FROM `c_pms_system` [ RunTime:0.0038s ]
SQL: SELECT * FROM `c_pms_system`  [ RunTime:0.0037s ]
NOTIC: [8] Undefined variable: response E:\online\upms\App\Coct\Controller\SsoController.class.php 第 97 行.
INFO: [ app_end ] --START--
INFO: Run Behavior\ShowPageTraceBehavior [ RunTime:0.005926s ]
INFO: [ app_end ] --END-- [ RunTime:0.005956s ]

