[ 2017-12-20T17:34:27+08:00 ] 127.0.0.1 /index.php/Coct/Sso/systemstatus
INFO: [ app_init ] --START--
INFO: Run Behavior\BuildLiteBehavior [ RunTime:0.000018s ]
INFO: [ app_init ] --END-- [ RunTime:0.000635s ]
INFO: [ app_begin ] --START--
INFO: Run Behavior\ReadHtmlCacheBehavior [ RunTime:0.000770s ]
INFO: [ app_begin ] --END-- [ RunTime:0.000852s ]
SQL: SHOW COLUMNS FROM `c_pms_system` [ RunTime:0.0083s ]
SQL: SELECT * FROM `c_pms_system` WHERE `secret` = 'xecabIBW4WrIN1Ul0YM2LDDotFQak4zu' LIMIT 1   [ RunTime:0.0065s ]

[ 2017-12-20T17:34:35+08:00 ] 127.0.0.1 /index.php/Coct/Sso/systemstatus
INFO: [ app_init ] --START--
INFO: Run Behavior\BuildLiteBehavior [ RunTime:0.000008s ]
INFO: [ app_init ] --END-- [ RunTime:0.000245s ]
INFO: [ app_begin ] --START--
INFO: Run Behavior\ReadHtmlCacheBehavior [ RunTime:0.000308s ]
INFO: [ app_begin ] --END-- [ RunTime:0.000344s ]
SQL: SHOW COLUMNS FROM `c_pms_system` [ RunTime:0.0039s ]
SQL: SELECT * FROM `c_pms_system` WHERE `secret` = 'xecabIBW4WrIN1Ul0YM2LDDotFQak4zu' LIMIT 1   [ RunTime:0.0039s ]

[ 2017-12-20T17:34:35+08:00 ] 127.0.0.1 /index.php/Coct/Sso/pclogin
INFO: [ app_init ] --START--
INFO: Run Behavior\BuildLiteBehavior [ RunTime:0.000008s ]
INFO: [ app_init ] --END-- [ RunTime:0.000207s ]
INFO: [ app_begin ] --START--
INFO: Run Behavior\ReadHtmlCacheBehavior [ RunTime:0.000248s ]
INFO: [ app_begin ] --END-- [ RunTime:0.000279s ]
SQL: SHOW COLUMNS FROM `c_useracc` [ RunTime:0.0068s ]
SQL: SELECT * FROM `c_useracc` WHERE `alias` = 'fk2018' AND `password` = 'bec092c89076ab8ea82e0b2d7ace0c1e' LIMIT 1   [ RunTime:0.0071s ]

[ 2017-12-20T17:34:41+08:00 ] 127.0.0.1 /index.php/Coct/Sso/systemstatus
INFO: [ app_init ] --START--
INFO: Run Behavior\BuildLiteBehavior [ RunTime:0.000014s ]
INFO: [ app_init ] --END-- [ RunTime:0.000401s ]
INFO: [ app_begin ] --START--
INFO: Run Behavior\ReadHtmlCacheBehavior [ RunTime:0.000477s ]
INFO: [ app_begin ] --END-- [ RunTime:0.000534s ]
SQL: SHOW COLUMNS FROM `c_pms_system` [ RunTime:0.0036s ]
SQL: SELECT * FROM `c_pms_system` WHERE `secret` = 'xecabIBW4WrIN1Ul0YM2LDDotFQak4zu' LIMIT 1   [ RunTime:0.0038s ]

[ 2017-12-20T17:34:41+08:00 ] 127.0.0.1 /index.php/Coct/Sso/pclogin
INFO: [ app_init ] --START--
INFO: Run Behavior\BuildLiteBehavior [ RunTime:0.000028s ]
INFO: [ app_init ] --END-- [ RunTime:0.000856s ]
INFO: [ app_begin ] --START--
INFO: Run Behavior\ReadHtmlCacheBehavior [ RunTime:0.001020s ]
INFO: [ app_begin ] --END-- [ RunTime:0.001144s ]
SQL: SHOW COLUMNS FROM `c_useracc` [ RunTime:0.0073s ]
SQL: SELECT * FROM `c_useracc` WHERE `alias` = 'fk2018' AND `password` = 'bec092c89076ab8ea82e0b2d7ace0c1e' LIMIT 1   [ RunTime:0.0072s ]

[ 2017-12-20T17:34:52+08:00 ] 127.0.0.1 /index.php/Coct/Sso/systemstatus
INFO: [ app_init ] --START--
INFO: Run Behavior\BuildLiteBehavior [ RunTime:0.000008s ]
INFO: [ app_init ] --END-- [ RunTime:0.000208s ]
INFO: [ app_begin ] --START--
INFO: Run Behavior\ReadHtmlCacheBehavior [ RunTime:0.000255s ]
INFO: [ app_begin ] --END-- [ RunTime:0.000284s ]
SQL: SHOW COLUMNS FROM `c_pms_system` [ RunTime:0.0037s ]
SQL: SELECT * FROM `c_pms_system` WHERE `secret` = 'xecabIBW4WrIN1Ul0YM2LDDotFQak4zu' LIMIT 1   [ RunTime:0.0040s ]

[ 2017-12-20T17:34:53+08:00 ] 127.0.0.1 /index.php/Coct/Sso/pclogin
INFO: [ app_init ] --START--
INFO: Run Behavior\BuildLiteBehavior [ RunTime:0.000019s ]
INFO: [ app_init ] --END-- [ RunTime:0.000554s ]
INFO: [ app_begin ] --START--
INFO: Run Behavior\ReadHtmlCacheBehavior [ RunTime:0.000662s ]
INFO: [ app_begin ] --END-- [ RunTime:0.000745s ]
SQL: SHOW COLUMNS FROM `c_useracc` [ RunTime:0.0070s ]
SQL: SELECT * FROM `c_useracc` WHERE `alias` = 'fk2018' AND `password` = '2a4b2f5aa3202c7253a82716591f3f00' LIMIT 1   [ RunTime:0.0072s ]
SQL: UPDATE `c_useracc` SET `currentip`='2130706433',`lastip`='2015095825',`currenttime`='1513762493',`lasttime`='1513762311' WHERE `id` = 10003 [ RunTime:0.0167s ]
NOTIC: [2] unlink(./Exetmp/Temp/7653f5ee126f72b5dc92978036145d82.php): No such file or directory E:\online\upms\Frame\Library\Think\Cache\Driver\File.class.php 第 157 行.
SQL: SELECT * FROM `c_useracc` WHERE `id` = 10003 LIMIT 1   [ RunTime:0.0070s ]

[ 2017-12-20T17:34:53+08:00 ] 127.0.0.1 /index.php/Coct/Sso/p3psave/status/1/sessid/efth5t4pn5meipffbn4992rko4
INFO: [ app_init ] --START--
INFO: Run Behavior\BuildLiteBehavior [ RunTime:0.000011s ]
INFO: [ app_init ] --END-- [ RunTime:0.000302s ]
INFO: [ app_begin ] --START--
INFO: Run Behavior\ReadHtmlCacheBehavior [ RunTime:0.000365s ]
INFO: [ app_begin ] --END-- [ RunTime:0.000407s ]
SQL: SHOW COLUMNS FROM `c_pms_system` [ RunTime:0.0037s ]
SQL: SELECT * FROM `c_pms_system`  [ RunTime:0.0037s ]
NOTIC: [8] Undefined variable: response E:\online\upms\App\Coct\Controller\SsoController.class.php 第 97 行.
INFO: [ app_end ] --START--
INFO: Run Behavior\ShowPageTraceBehavior [ RunTime:0.000543s ]
INFO: [ app_end ] --END-- [ RunTime:0.000580s ]

