[ 2017-11-20T13:56:40+08:00 ] 127.0.0.1 /index.php/Coct/Sso/systemstatus
INFO: [ app_init ] --START--
INFO: Run Behavior\BuildLiteBehavior [ RunTime:0.000010s ]
INFO: [ app_init ] --END-- [ RunTime:0.008690s ]
INFO: [ app_begin ] --START--
INFO: Run Behavior\ReadHtmlCacheBehavior [ RunTime:0.000622s ]
INFO: [ app_begin ] --END-- [ RunTime:0.000661s ]
SQL: SHOW COLUMNS FROM `c_pms_system` [ RunTime:0.0141s ]
SQL: SELECT * FROM `c_pms_system` WHERE `secret` = 'xecabIBW4WrIN1Ul0YM2LDDotFQak4zu' LIMIT 1   [ RunTime:0.0129s ]

[ 2017-11-20T13:56:53+08:00 ] 127.0.0.1 /index.php/Coct/Sso/systemstatus
INFO: [ app_init ] --START--
INFO: Run Behavior\BuildLiteBehavior [ RunTime:0.000007s ]
INFO: [ app_init ] --END-- [ RunTime:0.000207s ]
INFO: [ app_begin ] --START--
INFO: Run Behavior\ReadHtmlCacheBehavior [ RunTime:0.000248s ]
INFO: [ app_begin ] --END-- [ RunTime:0.000278s ]
SQL: SHOW COLUMNS FROM `c_pms_system` [ RunTime:0.0198s ]
SQL: SELECT * FROM `c_pms_system` WHERE `secret` = 'xecabIBW4WrIN1Ul0YM2LDDotFQak4zu' LIMIT 1   [ RunTime:0.0192s ]

[ 2017-11-20T13:56:53+08:00 ] 127.0.0.1 /index.php/Coct/Sso/pclogin
INFO: [ app_init ] --START--
INFO: Run Behavior\BuildLiteBehavior [ RunTime:0.000021s ]
INFO: [ app_init ] --END-- [ RunTime:0.000637s ]
INFO: [ app_begin ] --START--
INFO: Run Behavior\ReadHtmlCacheBehavior [ RunTime:0.000775s ]
INFO: [ app_begin ] --END-- [ RunTime:0.000872s ]
SQL: SHOW COLUMNS FROM `c_useracc` [ RunTime:0.0201s ]
SQL: SELECT * FROM `c_useracc` WHERE `alias` = 'fk2018' AND `password` = '2a4b2f5aa3202c7253a82716591f3f00' LIMIT 1   [ RunTime:0.0076s ]
SQL: UPDATE `c_useracc` SET `currentip`='2130706433',`lastip`='2015095825',`currenttime`='1511157413',`lasttime`='1511149901' WHERE `id` = 10003 [ RunTime:0.0211s ]
NOTIC: [2] unlink(./Exetmp/Temp/7653f5ee126f72b5dc92978036145d82.php): No such file or directory E:\online\upms\Frame\Library\Think\Cache\Driver\File.class.php 第 157 行.
SQL: SELECT * FROM `c_useracc` WHERE `id` = 10003 LIMIT 1   [ RunTime:0.0106s ]

[ 2017-11-20T13:56:53+08:00 ] 127.0.0.1 /index.php/Coct/Sso/p3psave/status/1/sessid/r07qn3m72io4rg5mr9amhqvfg2
INFO: [ app_init ] --START--
INFO: Run Behavior\BuildLiteBehavior [ RunTime:0.000007s ]
INFO: [ app_init ] --END-- [ RunTime:0.000284s ]
INFO: [ app_begin ] --START--
INFO: Run Behavior\ReadHtmlCacheBehavior [ RunTime:0.000238s ]
INFO: [ app_begin ] --END-- [ RunTime:0.000267s ]
SQL: SHOW COLUMNS FROM `c_pms_system` [ RunTime:0.0152s ]
SQL: SELECT * FROM `c_pms_system`  [ RunTime:0.0213s ]
NOTIC: [8] Undefined variable: response E:\online\upms\App\Coct\Controller\SsoController.class.php 第 97 行.
INFO: [ app_end ] --START--
INFO: Run Behavior\ShowPageTraceBehavior [ RunTime:0.007469s ]
INFO: [ app_end ] --END-- [ RunTime:0.007592s ]

[ 2017-11-20T13:58:22+08:00 ] 127.0.0.1 /index.php/Coct/Sso/p3psave/status/0
INFO: [ app_init ] --START--
INFO: Run Behavior\BuildLiteBehavior [ RunTime:0.000009s ]
INFO: [ app_init ] --END-- [ RunTime:0.000447s ]
INFO: [ app_begin ] --START--
INFO: Run Behavior\ReadHtmlCacheBehavior [ RunTime:0.000467s ]
INFO: [ app_begin ] --END-- [ RunTime:0.000496s ]
NOTIC: [2] session_destroy(): Trying to destroy uninitialized session E:\online\upms\Frame\Common\functions.php 第 1276 行.
SQL: SHOW COLUMNS FROM `c_pms_system` [ RunTime:0.0064s ]
SQL: SELECT * FROM `c_pms_system`  [ RunTime:0.0063s ]
NOTIC: [8] Undefined variable: response E:\online\upms\App\Coct\Controller\SsoController.class.php 第 97 行.
INFO: [ app_end ] --START--
INFO: Run Behavior\ShowPageTraceBehavior [ RunTime:0.000661s ]
INFO: [ app_end ] --END-- [ RunTime:0.000700s ]

[ 2017-11-20T13:58:22+08:00 ] 127.0.0.1 /index.php/Coct/Sso/systemstatus
INFO: [ app_init ] --START--
INFO: Run Behavior\BuildLiteBehavior [ RunTime:0.000007s ]
INFO: [ app_init ] --END-- [ RunTime:0.000459s ]
INFO: [ app_begin ] --START--
INFO: Run Behavior\ReadHtmlCacheBehavior [ RunTime:0.000439s ]
INFO: [ app_begin ] --END-- [ RunTime:0.000467s ]
SQL: SHOW COLUMNS FROM `c_pms_system` [ RunTime:0.0062s ]
SQL: SELECT * FROM `c_pms_system` WHERE `secret` = 'xecabIBW4WrIN1Ul0YM2LDDotFQak4zu' LIMIT 1   [ RunTime:0.0064s ]

[ 2017-11-20T13:58:25+08:00 ] 127.0.0.1 /index.php/Coct/Sso/systemstatus
INFO: [ app_init ] --START--
INFO: Run Behavior\BuildLiteBehavior [ RunTime:0.000011s ]
INFO: [ app_init ] --END-- [ RunTime:0.000358s ]
INFO: [ app_begin ] --START--
INFO: Run Behavior\ReadHtmlCacheBehavior [ RunTime:0.000509s ]
INFO: [ app_begin ] --END-- [ RunTime:0.000556s ]
SQL: SHOW COLUMNS FROM `c_pms_system` [ RunTime:0.0035s ]
SQL: SELECT * FROM `c_pms_system` WHERE `secret` = 'E5pZdva3HVDHfCJmcOdnVfTHoKZNsW2a' LIMIT 1   [ RunTime:0.0037s ]

[ 2017-11-20T13:58:34+08:00 ] 127.0.0.1 /index.php/Coct/Sso/systemstatus
INFO: [ app_init ] --START--
INFO: Run Behavior\BuildLiteBehavior [ RunTime:0.000007s ]
INFO: [ app_init ] --END-- [ RunTime:0.000208s ]
INFO: [ app_begin ] --START--
INFO: Run Behavior\ReadHtmlCacheBehavior [ RunTime:0.000244s ]
INFO: [ app_begin ] --END-- [ RunTime:0.000278s ]
SQL: SHOW COLUMNS FROM `c_pms_system` [ RunTime:0.0038s ]
SQL: SELECT * FROM `c_pms_system` WHERE `secret` = 'E5pZdva3HVDHfCJmcOdnVfTHoKZNsW2a' LIMIT 1   [ RunTime:0.0041s ]

[ 2017-11-20T13:58:34+08:00 ] 127.0.0.1 /index.php/Coct/Sso/pclogin
INFO: [ app_init ] --START--
INFO: Run Behavior\BuildLiteBehavior [ RunTime:0.000007s ]
INFO: [ app_init ] --END-- [ RunTime:0.000191s ]
INFO: [ app_begin ] --START--
INFO: Run Behavior\ReadHtmlCacheBehavior [ RunTime:0.000233s ]
INFO: [ app_begin ] --END-- [ RunTime:0.000260s ]
SQL: SHOW COLUMNS FROM `c_useracc` [ RunTime:0.0063s ]
SQL: SELECT * FROM `c_useracc` WHERE `alias` = 'crm2018' AND `password` = 'd3ddd301772e921a7cee158d9c8e7cda' LIMIT 1   [ RunTime:0.0031s ]

[ 2017-11-20T13:58:38+08:00 ] 127.0.0.1 /index.php/Coct/Sso/systemstatus
INFO: [ app_init ] --START--
INFO: Run Behavior\BuildLiteBehavior [ RunTime:0.000012s ]
INFO: [ app_init ] --END-- [ RunTime:0.000255s ]
INFO: [ app_begin ] --START--
INFO: Run Behavior\ReadHtmlCacheBehavior [ RunTime:0.000554s ]
INFO: [ app_begin ] --END-- [ RunTime:0.000718s ]
SQL: SHOW COLUMNS FROM `c_pms_system` [ RunTime:0.0059s ]
SQL: SELECT * FROM `c_pms_system` WHERE `secret` = 'E5pZdva3HVDHfCJmcOdnVfTHoKZNsW2a' LIMIT 1   [ RunTime:0.0062s ]

[ 2017-11-20T13:58:38+08:00 ] 127.0.0.1 /index.php/Coct/Sso/pclogin
INFO: [ app_init ] --START--
INFO: Run Behavior\BuildLiteBehavior [ RunTime:0.000006s ]
INFO: [ app_init ] --END-- [ RunTime:0.000189s ]
INFO: [ app_begin ] --START--
INFO: Run Behavior\ReadHtmlCacheBehavior [ RunTime:0.000228s ]
INFO: [ app_begin ] --END-- [ RunTime:0.000255s ]
SQL: SHOW COLUMNS FROM `c_useracc` [ RunTime:0.0067s ]
SQL: SELECT * FROM `c_useracc` WHERE `alias` = 'crm2018' AND `password` = '528767d20ebfc382768883d31358a6c1' LIMIT 1   [ RunTime:0.0070s ]

[ 2017-11-20T13:58:48+08:00 ] 127.0.0.1 /index.php/Coct/Sso/systemstatus
INFO: [ app_init ] --START--
INFO: Run Behavior\BuildLiteBehavior [ RunTime:0.000013s ]
INFO: [ app_init ] --END-- [ RunTime:0.000383s ]
INFO: [ app_begin ] --START--
INFO: Run Behavior\ReadHtmlCacheBehavior [ RunTime:0.000538s ]
INFO: [ app_begin ] --END-- [ RunTime:0.000625s ]
SQL: SHOW COLUMNS FROM `c_pms_system` [ RunTime:0.0101s ]
SQL: SELECT * FROM `c_pms_system` WHERE `secret` = 'E5pZdva3HVDHfCJmcOdnVfTHoKZNsW2a' LIMIT 1   [ RunTime:0.0066s ]

[ 2017-11-20T13:58:48+08:00 ] 127.0.0.1 /index.php/Coct/Sso/pclogin
INFO: [ app_init ] --START--
INFO: Run Behavior\BuildLiteBehavior [ RunTime:0.000024s ]
INFO: [ app_init ] --END-- [ RunTime:0.000259s ]
INFO: [ app_begin ] --START--
INFO: Run Behavior\ReadHtmlCacheBehavior [ RunTime:0.000330s ]
INFO: [ app_begin ] --END-- [ RunTime:0.000439s ]
SQL: SHOW COLUMNS FROM `c_useracc` [ RunTime:0.0040s ]
SQL: SELECT * FROM `c_useracc` WHERE `alias` = 'crm2018' AND `password` = '2a4b2f5aa3202c7253a82716591f3f00' LIMIT 1   [ RunTime:0.0053s ]
SQL: UPDATE `c_useracc` SET `currentip`='2130706433',`lastip`='2015095825',`currenttime`='1511157528',`lasttime`='1511150130' WHERE `id` = 10002 [ RunTime:0.0145s ]
NOTIC: [2] unlink(./Exetmp/Temp/7653f5ee126f72b5dc92978036145d82.php): No such file or directory E:\online\upms\Frame\Library\Think\Cache\Driver\File.class.php 第 157 行.
SQL: SELECT * FROM `c_useracc` WHERE `id` = 10002 LIMIT 1   [ RunTime:0.0103s ]

[ 2017-11-20T13:58:48+08:00 ] 127.0.0.1 /index.php/Coct/Sso/p3psave/status/1/sessid/fva4m2o9a68u6vhbep6b0kt075
INFO: [ app_init ] --START--
INFO: Run Behavior\BuildLiteBehavior [ RunTime:0.000009s ]
INFO: [ app_init ] --END-- [ RunTime:0.000267s ]
INFO: [ app_begin ] --START--
INFO: Run Behavior\ReadHtmlCacheBehavior [ RunTime:0.000371s ]
INFO: [ app_begin ] --END-- [ RunTime:0.000408s ]
SQL: SHOW COLUMNS FROM `c_pms_system` [ RunTime:0.0068s ]
SQL: SELECT * FROM `c_pms_system`  [ RunTime:0.0092s ]
NOTIC: [8] Undefined variable: response E:\online\upms\App\Coct\Controller\SsoController.class.php 第 97 行.
INFO: [ app_end ] --START--
INFO: Run Behavior\ShowPageTraceBehavior [ RunTime:0.000491s ]
INFO: [ app_end ] --END-- [ RunTime:0.000518s ]

[ 2017-11-20T16:20:24+08:00 ] 127.0.0.1 /index.php/Coct/Sso/systemstatus
INFO: [ app_init ] --START--
INFO: Run Behavior\BuildLiteBehavior [ RunTime:0.000016s ]
INFO: [ app_init ] --END-- [ RunTime:0.000589s ]
INFO: [ app_begin ] --START--
INFO: Run Behavior\ReadHtmlCacheBehavior [ RunTime:0.000608s ]
INFO: [ app_begin ] --END-- [ RunTime:0.000677s ]
SQL: SHOW COLUMNS FROM `c_pms_system` [ RunTime:0.0041s ]
SQL: SELECT * FROM `c_pms_system` WHERE `secret` = 'xecabIBW4WrIN1Ul0YM2LDDotFQak4zu' LIMIT 1   [ RunTime:0.0043s ]

[ 2017-11-20T16:20:36+08:00 ] 127.0.0.1 /index.php/Coct/Sso/systemstatus
INFO: [ app_init ] --START--
INFO: Run Behavior\BuildLiteBehavior [ RunTime:0.000007s ]
INFO: [ app_init ] --END-- [ RunTime:0.000205s ]
INFO: [ app_begin ] --START--
INFO: Run Behavior\ReadHtmlCacheBehavior [ RunTime:0.000245s ]
INFO: [ app_begin ] --END-- [ RunTime:0.000276s ]
SQL: SHOW COLUMNS FROM `c_pms_system` [ RunTime:0.0040s ]
SQL: SELECT * FROM `c_pms_system` WHERE `secret` = 'xecabIBW4WrIN1Ul0YM2LDDotFQak4zu' LIMIT 1   [ RunTime:0.0040s ]

[ 2017-11-20T16:20:36+08:00 ] 127.0.0.1 /index.php/Coct/Sso/pclogin
INFO: [ app_init ] --START--
INFO: Run Behavior\BuildLiteBehavior [ RunTime:0.000007s ]
INFO: [ app_init ] --END-- [ RunTime:0.000208s ]
INFO: [ app_begin ] --START--
INFO: Run Behavior\ReadHtmlCacheBehavior [ RunTime:0.000249s ]
INFO: [ app_begin ] --END-- [ RunTime:0.000280s ]
SQL: SHOW COLUMNS FROM `c_useracc` [ RunTime:0.0066s ]
SQL: SELECT * FROM `c_useracc` WHERE `alias` = 'fk2018' AND `password` = '2a4b2f5aa3202c7253a82716591f3f00' LIMIT 1   [ RunTime:0.0070s ]
SQL: UPDATE `c_useracc` SET `currentip`='2130706433',`lastip`='2130706433',`currenttime`='1511166036',`lasttime`='1511157413' WHERE `id` = 10003 [ RunTime:0.0161s ]
NOTIC: [2] unlink(./Exetmp/Temp/7653f5ee126f72b5dc92978036145d82.php): No such file or directory E:\online\upms\Frame\Library\Think\Cache\Driver\File.class.php 第 157 行.
SQL: SELECT * FROM `c_useracc` WHERE `id` = 10003 LIMIT 1   [ RunTime:0.0065s ]

[ 2017-11-20T16:20:36+08:00 ] 127.0.0.1 /index.php/Coct/Sso/p3psave/status/1/sessid/jtga6pj18e68o92im1qph0hv33
INFO: [ app_init ] --START--
INFO: Run Behavior\BuildLiteBehavior [ RunTime:0.000006s ]
INFO: [ app_init ] --END-- [ RunTime:0.000203s ]
INFO: [ app_begin ] --START--
INFO: Run Behavior\ReadHtmlCacheBehavior [ RunTime:0.000249s ]
INFO: [ app_begin ] --END-- [ RunTime:0.000277s ]
SQL: SHOW COLUMNS FROM `c_pms_system` [ RunTime:0.0041s ]
SQL: SELECT * FROM `c_pms_system`  [ RunTime:0.0039s ]
NOTIC: [8] Undefined variable: response E:\online\upms\App\Coct\Controller\SsoController.class.php 第 97 行.
INFO: [ app_end ] --START--
INFO: Run Behavior\ShowPageTraceBehavior [ RunTime:0.000845s ]
INFO: [ app_end ] --END-- [ RunTime:0.000909s ]

