[ 2017-11-07T11:47:20+08:00 ] 127.0.0.1 /index.php/Coct/Sso/systemstatus
INFO: [ app_init ] --START--
INFO: Run Behavior\BuildLiteBehavior [ RunTime:0.000009s ]
INFO: [ app_init ] --END-- [ RunTime:0.000327s ]
INFO: [ app_begin ] --START--
INFO: Run Behavior\ReadHtmlCacheBehavior [ RunTime:0.000385s ]
INFO: [ app_begin ] --END-- [ RunTime:0.000427s ]
SQL: SHOW COLUMNS FROM `c_pms_system` [ RunTime:0.0020s ]
SQL: SELECT * FROM `c_pms_system` WHERE `secret` = 'E5pZdva3HVDHfCJmcOdnVfTHoKZNsW2a' LIMIT 1   [ RunTime:0.0014s ]

[ 2017-11-07T11:47:33+08:00 ] 127.0.0.1 /index.php/Coct/Sso/systemstatus
INFO: [ app_init ] --START--
INFO: Run Behavior\BuildLiteBehavior [ RunTime:0.000008s ]
INFO: [ app_init ] --END-- [ RunTime:0.000208s ]
INFO: [ app_begin ] --START--
INFO: Run Behavior\ReadHtmlCacheBehavior [ RunTime:0.000246s ]
INFO: [ app_begin ] --END-- [ RunTime:0.000278s ]
SQL: SHOW COLUMNS FROM `c_pms_system` [ RunTime:0.0019s ]
SQL: SELECT * FROM `c_pms_system` WHERE `secret` = 'E5pZdva3HVDHfCJmcOdnVfTHoKZNsW2a' LIMIT 1   [ RunTime:0.0007s ]

[ 2017-11-07T11:47:33+08:00 ] 127.0.0.1 /index.php/Coct/Sso/pclogin
INFO: [ app_init ] --START--
INFO: Run Behavior\BuildLiteBehavior [ RunTime:0.000007s ]
INFO: [ app_init ] --END-- [ RunTime:0.000207s ]
INFO: [ app_begin ] --START--
INFO: Run Behavior\ReadHtmlCacheBehavior [ RunTime:0.000251s ]
INFO: [ app_begin ] --END-- [ RunTime:0.000281s ]
SQL: SHOW COLUMNS FROM `c_useracc` [ RunTime:0.0021s ]
SQL: SELECT * FROM `c_useracc` WHERE `alias` = 'crm2018' AND `password` = '2a4b2f5aa3202c7253a82716591f3f00' LIMIT 1   [ RunTime:0.0010s ]
SQL: UPDATE `c_useracc` SET `currentip`='2130706433',`lastip`='2130706433',`currenttime`='1510026453',`lasttime`='1509962097' WHERE `id` = 10002 [ RunTime:0.0418s ]
NOTIC: [2] unlink(./Exetmp/Temp/7653f5ee126f72b5dc92978036145d82.php): No such file or directory E:\online\upms\Frame\Library\Think\Cache\Driver\File.class.php 第 157 行.
SQL: SELECT * FROM `c_useracc` WHERE `id` = 10002 LIMIT 1   [ RunTime:0.0013s ]

[ 2017-11-07T11:47:33+08:00 ] 127.0.0.1 /index.php/Coct/Sso/p3psave/status/1/sessid/ebqmb4rsvs77e6d28ljnoq9030
INFO: [ app_init ] --START--
INFO: Run Behavior\BuildLiteBehavior [ RunTime:0.000009s ]
INFO: [ app_init ] --END-- [ RunTime:0.000277s ]
INFO: [ app_begin ] --START--
INFO: Run Behavior\ReadHtmlCacheBehavior [ RunTime:0.000340s ]
INFO: [ app_begin ] --END-- [ RunTime:0.000379s ]
SQL: SHOW COLUMNS FROM `c_pms_system` [ RunTime:0.0019s ]
SQL: SELECT * FROM `c_pms_system`  [ RunTime:0.0007s ]
NOTIC: [8] Undefined variable: response E:\online\upms\App\Coct\Controller\SsoController.class.php 第 97 行.
INFO: [ app_end ] --START--
INFO: Run Behavior\ShowPageTraceBehavior [ RunTime:0.000480s ]
INFO: [ app_end ] --END-- [ RunTime:0.000519s ]

[ 2017-11-07T11:57:33+08:00 ] 127.0.0.1 /index.php/Coct/Sso/systemstatus
INFO: [ app_init ] --START--
INFO: Run Behavior\BuildLiteBehavior [ RunTime:0.000013s ]
INFO: [ app_init ] --END-- [ RunTime:0.000550s ]
INFO: [ app_begin ] --START--
INFO: Run Behavior\ReadHtmlCacheBehavior [ RunTime:0.000350s ]
INFO: [ app_begin ] --END-- [ RunTime:0.000385s ]
SQL: SHOW COLUMNS FROM `c_pms_system` [ RunTime:0.0019s ]
SQL: SELECT * FROM `c_pms_system` WHERE `secret` = 'E5pZdva3HVDHfCJmcOdnVfTHoKZNsW2a' LIMIT 1   [ RunTime:0.0014s ]

[ 2017-11-07T11:57:57+08:00 ] 127.0.0.1 /index.php/Coct/Sso/systemstatus
INFO: [ app_init ] --START--
INFO: Run Behavior\BuildLiteBehavior [ RunTime:0.000007s ]
INFO: [ app_init ] --END-- [ RunTime:0.000278s ]
INFO: [ app_begin ] --START--
INFO: Run Behavior\ReadHtmlCacheBehavior [ RunTime:0.000245s ]
INFO: [ app_begin ] --END-- [ RunTime:0.000276s ]
SQL: SHOW COLUMNS FROM `c_pms_system` [ RunTime:0.0019s ]
SQL: SELECT * FROM `c_pms_system` WHERE `secret` = 'E5pZdva3HVDHfCJmcOdnVfTHoKZNsW2a' LIMIT 1   [ RunTime:0.0007s ]

[ 2017-11-07T11:57:57+08:00 ] 127.0.0.1 /index.php/Coct/Sso/pclogin
INFO: [ app_init ] --START--
INFO: Run Behavior\BuildLiteBehavior [ RunTime:0.000007s ]
INFO: [ app_init ] --END-- [ RunTime:0.000206s ]
INFO: [ app_begin ] --START--
INFO: Run Behavior\ReadHtmlCacheBehavior [ RunTime:0.000266s ]
INFO: [ app_begin ] --END-- [ RunTime:0.000298s ]
SQL: SHOW COLUMNS FROM `c_useracc` [ RunTime:0.0020s ]
SQL: SELECT * FROM `c_useracc` WHERE `alias` = 'crm2018' AND `password` = '2a4b2f5aa3202c7253a82716591f3f00' LIMIT 1   [ RunTime:0.0010s ]
SQL: UPDATE `c_useracc` SET `currentip`='2130706433',`lastip`='2130706433',`currenttime`='1510027077',`lasttime`='1510026453' WHERE `id` = 10002 [ RunTime:0.0559s ]
NOTIC: [2] unlink(./Exetmp/Temp/7653f5ee126f72b5dc92978036145d82.php): No such file or directory E:\online\upms\Frame\Library\Think\Cache\Driver\File.class.php 第 157 行.
SQL: SELECT * FROM `c_useracc` WHERE `id` = 10002 LIMIT 1   [ RunTime:0.0015s ]

[ 2017-11-07T11:57:57+08:00 ] 127.0.0.1 /index.php/Coct/Sso/p3psave/status/1/sessid/hgm779pe8dn1891bj6asv447o5
INFO: [ app_init ] --START--
INFO: Run Behavior\BuildLiteBehavior [ RunTime:0.000019s ]
INFO: [ app_init ] --END-- [ RunTime:0.000494s ]
INFO: [ app_begin ] --START--
INFO: Run Behavior\ReadHtmlCacheBehavior [ RunTime:0.000629s ]
INFO: [ app_begin ] --END-- [ RunTime:0.000700s ]
SQL: SHOW COLUMNS FROM `c_pms_system` [ RunTime:0.0020s ]
SQL: SELECT * FROM `c_pms_system`  [ RunTime:0.0013s ]
NOTIC: [8] Undefined variable: response E:\online\upms\App\Coct\Controller\SsoController.class.php 第 97 行.
INFO: [ app_end ] --START--
INFO: Run Behavior\ShowPageTraceBehavior [ RunTime:0.000899s ]
INFO: [ app_end ] --END-- [ RunTime:0.000962s ]

[ 2017-11-07T12:04:15+08:00 ] 127.0.0.1 /index.php/Coct/Sso/systemstatus
INFO: [ app_init ] --START--
INFO: Run Behavior\BuildLiteBehavior [ RunTime:0.000013s ]
INFO: [ app_init ] --END-- [ RunTime:0.000417s ]
INFO: [ app_begin ] --START--
INFO: Run Behavior\ReadHtmlCacheBehavior [ RunTime:0.000435s ]
INFO: [ app_begin ] --END-- [ RunTime:0.000486s ]
SQL: SHOW COLUMNS FROM `c_pms_system` [ RunTime:0.0019s ]
SQL: SELECT * FROM `c_pms_system` WHERE `secret` = 'E5pZdva3HVDHfCJmcOdnVfTHoKZNsW2a' LIMIT 1   [ RunTime:0.0012s ]

[ 2017-11-07T12:04:22+08:00 ] 127.0.0.1 /index.php/Coct/Sso/systemstatus
INFO: [ app_init ] --START--
INFO: Run Behavior\BuildLiteBehavior [ RunTime:0.000008s ]
INFO: [ app_init ] --END-- [ RunTime:0.000253s ]
INFO: [ app_begin ] --START--
INFO: Run Behavior\ReadHtmlCacheBehavior [ RunTime:0.000281s ]
INFO: [ app_begin ] --END-- [ RunTime:0.000312s ]
SQL: SHOW COLUMNS FROM `c_pms_system` [ RunTime:0.0020s ]
SQL: SELECT * FROM `c_pms_system` WHERE `secret` = 'E5pZdva3HVDHfCJmcOdnVfTHoKZNsW2a' LIMIT 1   [ RunTime:0.0014s ]

[ 2017-11-07T12:04:23+08:00 ] 127.0.0.1 /index.php/Coct/Sso/pclogin
INFO: [ app_init ] --START--
INFO: Run Behavior\BuildLiteBehavior [ RunTime:0.000007s ]
INFO: [ app_init ] --END-- [ RunTime:0.000206s ]
INFO: [ app_begin ] --START--
INFO: Run Behavior\ReadHtmlCacheBehavior [ RunTime:0.000247s ]
INFO: [ app_begin ] --END-- [ RunTime:0.000276s ]
SQL: SHOW COLUMNS FROM `c_useracc` [ RunTime:0.0021s ]
SQL: SELECT * FROM `c_useracc` WHERE `alias` = 'crm2018' AND `password` = '2a4b2f5aa3202c7253a82716591f3f00' LIMIT 1   [ RunTime:0.0012s ]
SQL: UPDATE `c_useracc` SET `currentip`='2130706433',`lastip`='2130706433',`currenttime`='1510027463',`lasttime`='1510027077' WHERE `id` = 10002 [ RunTime:0.0385s ]
NOTIC: [2] unlink(./Exetmp/Temp/7653f5ee126f72b5dc92978036145d82.php): No such file or directory E:\online\upms\Frame\Library\Think\Cache\Driver\File.class.php 第 157 行.
SQL: SELECT * FROM `c_useracc` WHERE `id` = 10002 LIMIT 1   [ RunTime:0.0014s ]

[ 2017-11-07T12:04:23+08:00 ] 127.0.0.1 /index.php/Coct/Sso/p3psave/status/1/sessid/2ui9q4scul641gsgve0g49dnm0
INFO: [ app_init ] --START--
INFO: Run Behavior\BuildLiteBehavior [ RunTime:0.000007s ]
INFO: [ app_init ] --END-- [ RunTime:0.000231s ]
INFO: [ app_begin ] --START--
INFO: Run Behavior\ReadHtmlCacheBehavior [ RunTime:0.000291s ]
INFO: [ app_begin ] --END-- [ RunTime:0.000326s ]
SQL: SHOW COLUMNS FROM `c_pms_system` [ RunTime:0.0018s ]
SQL: SELECT * FROM `c_pms_system`  [ RunTime:0.0014s ]
NOTIC: [8] Undefined variable: response E:\online\upms\App\Coct\Controller\SsoController.class.php 第 97 行.
INFO: [ app_end ] --START--
INFO: Run Behavior\ShowPageTraceBehavior [ RunTime:0.000475s ]
INFO: [ app_end ] --END-- [ RunTime:0.000505s ]

[ 2017-11-07T13:52:27+08:00 ] 127.0.0.1 /index.php/Coct/Sso/systemstatus
INFO: [ app_init ] --START--
INFO: Run Behavior\BuildLiteBehavior [ RunTime:0.000013s ]
INFO: [ app_init ] --END-- [ RunTime:0.000539s ]
INFO: [ app_begin ] --START--
INFO: Run Behavior\ReadHtmlCacheBehavior [ RunTime:0.000474s ]
INFO: [ app_begin ] --END-- [ RunTime:0.000526s ]
SQL: SHOW COLUMNS FROM `c_pms_system` [ RunTime:0.0021s ]
SQL: SELECT * FROM `c_pms_system` WHERE `secret` = 'E5pZdva3HVDHfCJmcOdnVfTHoKZNsW2a' LIMIT 1   [ RunTime:0.0011s ]

[ 2017-11-07T13:52:33+08:00 ] 127.0.0.1 /index.php/Coct/Sso/systemstatus
INFO: [ app_init ] --START--
INFO: Run Behavior\BuildLiteBehavior [ RunTime:0.000007s ]
INFO: [ app_init ] --END-- [ RunTime:0.000242s ]
INFO: [ app_begin ] --START--
INFO: Run Behavior\ReadHtmlCacheBehavior [ RunTime:0.000347s ]
INFO: [ app_begin ] --END-- [ RunTime:0.000377s ]
SQL: SHOW COLUMNS FROM `c_pms_system` [ RunTime:0.0019s ]
SQL: SELECT * FROM `c_pms_system` WHERE `secret` = 'E5pZdva3HVDHfCJmcOdnVfTHoKZNsW2a' LIMIT 1   [ RunTime:0.0007s ]

[ 2017-11-07T13:52:33+08:00 ] 127.0.0.1 /index.php/Coct/Sso/pclogin
INFO: [ app_init ] --START--
INFO: Run Behavior\BuildLiteBehavior [ RunTime:0.000020s ]
INFO: [ app_init ] --END-- [ RunTime:0.000679s ]
INFO: [ app_begin ] --START--
INFO: Run Behavior\ReadHtmlCacheBehavior [ RunTime:0.000987s ]
INFO: [ app_begin ] --END-- [ RunTime:0.001076s ]
SQL: SHOW COLUMNS FROM `c_useracc` [ RunTime:0.0022s ]
SQL: SELECT * FROM `c_useracc` WHERE `alias` = 'crm2018' AND `password` = '2a4b2f5aa3202c7253a82716591f3f00' LIMIT 1   [ RunTime:0.0012s ]
SQL: UPDATE `c_useracc` SET `currentip`='2130706433',`lastip`='2130706433',`currenttime`='1510033953',`lasttime`='1510027463' WHERE `id` = 10002 [ RunTime:0.0395s ]
NOTIC: [2] unlink(./Exetmp/Temp/7653f5ee126f72b5dc92978036145d82.php): No such file or directory E:\online\upms\Frame\Library\Think\Cache\Driver\File.class.php 第 157 行.
SQL: SELECT * FROM `c_useracc` WHERE `id` = 10002 LIMIT 1   [ RunTime:0.0014s ]

[ 2017-11-07T13:52:33+08:00 ] 127.0.0.1 /index.php/Coct/Sso/p3psave/status/1/sessid/t8pjddup5ci2bu2niqnean5662
INFO: [ app_init ] --START--
INFO: Run Behavior\BuildLiteBehavior [ RunTime:0.000008s ]
INFO: [ app_init ] --END-- [ RunTime:0.000285s ]
INFO: [ app_begin ] --START--
INFO: Run Behavior\ReadHtmlCacheBehavior [ RunTime:0.000421s ]
INFO: [ app_begin ] --END-- [ RunTime:0.000456s ]
SQL: SHOW COLUMNS FROM `c_pms_system` [ RunTime:0.0018s ]
SQL: SELECT * FROM `c_pms_system`  [ RunTime:0.0007s ]
NOTIC: [8] Undefined variable: response E:\online\upms\App\Coct\Controller\SsoController.class.php 第 97 行.
INFO: [ app_end ] --START--
INFO: Run Behavior\ShowPageTraceBehavior [ RunTime:0.000471s ]
INFO: [ app_end ] --END-- [ RunTime:0.000496s ]

[ 2017-11-07T14:56:22+08:00 ] 127.0.0.1 /index.php/Coct/Sso/systemstatus
INFO: [ app_init ] --START--
INFO: Run Behavior\BuildLiteBehavior [ RunTime:0.000009s ]
INFO: [ app_init ] --END-- [ RunTime:0.000288s ]
INFO: [ app_begin ] --START--
INFO: Run Behavior\ReadHtmlCacheBehavior [ RunTime:0.000322s ]
INFO: [ app_begin ] --END-- [ RunTime:0.000360s ]
SQL: SHOW COLUMNS FROM `c_pms_system` [ RunTime:0.0020s ]
SQL: SELECT * FROM `c_pms_system` WHERE `secret` = 'E5pZdva3HVDHfCJmcOdnVfTHoKZNsW2a' LIMIT 1   [ RunTime:0.0013s ]

[ 2017-11-07T14:56:31+08:00 ] 127.0.0.1 /index.php/Coct/Sso/systemstatus
INFO: [ app_init ] --START--
INFO: Run Behavior\BuildLiteBehavior [ RunTime:0.000007s ]
INFO: [ app_init ] --END-- [ RunTime:0.000234s ]
INFO: [ app_begin ] --START--
INFO: Run Behavior\ReadHtmlCacheBehavior [ RunTime:0.000297s ]
INFO: [ app_begin ] --END-- [ RunTime:0.000329s ]
SQL: SHOW COLUMNS FROM `c_pms_system` [ RunTime:0.0019s ]
SQL: SELECT * FROM `c_pms_system` WHERE `secret` = 'E5pZdva3HVDHfCJmcOdnVfTHoKZNsW2a' LIMIT 1   [ RunTime:0.0007s ]

[ 2017-11-07T14:56:31+08:00 ] 127.0.0.1 /index.php/Coct/Sso/pclogin
INFO: [ app_init ] --START--
INFO: Run Behavior\BuildLiteBehavior [ RunTime:0.000007s ]
INFO: [ app_init ] --END-- [ RunTime:0.000234s ]
INFO: [ app_begin ] --START--
INFO: Run Behavior\ReadHtmlCacheBehavior [ RunTime:0.000300s ]
INFO: [ app_begin ] --END-- [ RunTime:0.000330s ]
SQL: SHOW COLUMNS FROM `c_useracc` [ RunTime:0.0021s ]
SQL: SELECT * FROM `c_useracc` WHERE `alias` = 'crm2018' AND `password` = '2a4b2f5aa3202c7253a82716591f3f00' LIMIT 1   [ RunTime:0.0012s ]
SQL: UPDATE `c_useracc` SET `currentip`='2130706433',`lastip`='2130706433',`currenttime`='1510037791',`lasttime`='1510033953' WHERE `id` = 10002 [ RunTime:0.0315s ]
NOTIC: [2] unlink(./Exetmp/Temp/7653f5ee126f72b5dc92978036145d82.php): No such file or directory E:\online\upms\Frame\Library\Think\Cache\Driver\File.class.php 第 157 行.
SQL: SELECT * FROM `c_useracc` WHERE `id` = 10002 LIMIT 1   [ RunTime:0.0012s ]

[ 2017-11-07T14:56:31+08:00 ] 127.0.0.1 /index.php/Coct/Sso/p3psave/status/1/sessid/jcqrdjgne7ppo1eqo7g9uksq82
INFO: [ app_init ] --START--
INFO: Run Behavior\BuildLiteBehavior [ RunTime:0.000007s ]
INFO: [ app_init ] --END-- [ RunTime:0.000253s ]
INFO: [ app_begin ] --START--
INFO: Run Behavior\ReadHtmlCacheBehavior [ RunTime:0.000351s ]
INFO: [ app_begin ] --END-- [ RunTime:0.000386s ]
SQL: SHOW COLUMNS FROM `c_pms_system` [ RunTime:0.0019s ]
SQL: SELECT * FROM `c_pms_system`  [ RunTime:0.0015s ]
NOTIC: [8] Undefined variable: response E:\online\upms\App\Coct\Controller\SsoController.class.php 第 97 行.
INFO: [ app_end ] --START--
INFO: Run Behavior\ShowPageTraceBehavior [ RunTime:0.000440s ]
INFO: [ app_end ] --END-- [ RunTime:0.000467s ]

[ 2017-11-07T16:18:00+08:00 ] 127.0.0.1 /index.php/Coct/Sso/systemstatus
INFO: [ app_init ] --START--
INFO: Run Behavior\BuildLiteBehavior [ RunTime:0.000014s ]
INFO: [ app_init ] --END-- [ RunTime:0.000478s ]
INFO: [ app_begin ] --START--
INFO: Run Behavior\ReadHtmlCacheBehavior [ RunTime:0.000543s ]
INFO: [ app_begin ] --END-- [ RunTime:0.000605s ]
SQL: SHOW COLUMNS FROM `c_pms_system` [ RunTime:0.0021s ]
SQL: SELECT * FROM `c_pms_system` WHERE `secret` = 'E5pZdva3HVDHfCJmcOdnVfTHoKZNsW2a' LIMIT 1   [ RunTime:0.0011s ]

[ 2017-11-07T16:18:07+08:00 ] 127.0.0.1 /index.php/Coct/Sso/systemstatus
INFO: [ app_init ] --START--
INFO: Run Behavior\BuildLiteBehavior [ RunTime:0.000008s ]
INFO: [ app_init ] --END-- [ RunTime:0.000261s ]
INFO: [ app_begin ] --START--
INFO: Run Behavior\ReadHtmlCacheBehavior [ RunTime:0.000321s ]
INFO: [ app_begin ] --END-- [ RunTime:0.000366s ]
SQL: SHOW COLUMNS FROM `c_pms_system` [ RunTime:0.0019s ]
SQL: SELECT * FROM `c_pms_system` WHERE `secret` = 'E5pZdva3HVDHfCJmcOdnVfTHoKZNsW2a' LIMIT 1   [ RunTime:0.0014s ]

[ 2017-11-07T16:18:07+08:00 ] 127.0.0.1 /index.php/Coct/Sso/pclogin
INFO: [ app_init ] --START--
INFO: Run Behavior\BuildLiteBehavior [ RunTime:0.000007s ]
INFO: [ app_init ] --END-- [ RunTime:0.000221s ]
INFO: [ app_begin ] --START--
INFO: Run Behavior\ReadHtmlCacheBehavior [ RunTime:0.000311s ]
INFO: [ app_begin ] --END-- [ RunTime:0.000348s ]
SQL: SHOW COLUMNS FROM `c_useracc` [ RunTime:0.0019s ]
SQL: SELECT * FROM `c_useracc` WHERE `alias` = 'crm2018' AND `password` = '2a4b2f5aa3202c7253a82716591f3f00' LIMIT 1   [ RunTime:0.0010s ]
SQL: UPDATE `c_useracc` SET `currentip`='2130706433',`lastip`='2130706433',`currenttime`='1510042687',`lasttime`='1510037791' WHERE `id` = 10002 [ RunTime:0.0329s ]
NOTIC: [2] unlink(./Exetmp/Temp/7653f5ee126f72b5dc92978036145d82.php): No such file or directory E:\online\upms\Frame\Library\Think\Cache\Driver\File.class.php 第 157 行.
SQL: SELECT * FROM `c_useracc` WHERE `id` = 10002 LIMIT 1   [ RunTime:0.0010s ]

[ 2017-11-07T16:18:07+08:00 ] 127.0.0.1 /index.php/Coct/Sso/p3psave/status/1/sessid/4g340e64ni4a2dicqdisu5o9k2
INFO: [ app_init ] --START--
INFO: Run Behavior\BuildLiteBehavior [ RunTime:0.000007s ]
INFO: [ app_init ] --END-- [ RunTime:0.000227s ]
INFO: [ app_begin ] --START--
INFO: Run Behavior\ReadHtmlCacheBehavior [ RunTime:0.000292s ]
INFO: [ app_begin ] --END-- [ RunTime:0.000323s ]
SQL: SHOW COLUMNS FROM `c_pms_system` [ RunTime:0.0018s ]
SQL: SELECT * FROM `c_pms_system`  [ RunTime:0.0014s ]
NOTIC: [8] Undefined variable: response E:\online\upms\App\Coct\Controller\SsoController.class.php 第 97 行.
INFO: [ app_end ] --START--
INFO: Run Behavior\ShowPageTraceBehavior [ RunTime:0.000378s ]
INFO: [ app_end ] --END-- [ RunTime:0.000403s ]

[ 2017-11-07T17:23:51+08:00 ] 127.0.0.1 /index.php/Coct/Sso/systemstatus
INFO: [ app_init ] --START--
INFO: Run Behavior\BuildLiteBehavior [ RunTime:0.000016s ]
INFO: [ app_init ] --END-- [ RunTime:0.000580s ]
INFO: [ app_begin ] --START--
INFO: Run Behavior\ReadHtmlCacheBehavior [ RunTime:0.000655s ]
INFO: [ app_begin ] --END-- [ RunTime:0.000734s ]
SQL: SHOW COLUMNS FROM `c_pms_system` [ RunTime:0.0020s ]
SQL: SELECT * FROM `c_pms_system` WHERE `secret` = 'E5pZdva3HVDHfCJmcOdnVfTHoKZNsW2a' LIMIT 1   [ RunTime:0.0012s ]

[ 2017-11-07T17:24:00+08:00 ] 127.0.0.1 /index.php/Coct/Sso/systemstatus
INFO: [ app_init ] --START--
INFO: Run Behavior\BuildLiteBehavior [ RunTime:0.000007s ]
INFO: [ app_init ] --END-- [ RunTime:0.000236s ]
INFO: [ app_begin ] --START--
INFO: Run Behavior\ReadHtmlCacheBehavior [ RunTime:0.000299s ]
INFO: [ app_begin ] --END-- [ RunTime:0.000330s ]
SQL: SHOW COLUMNS FROM `c_pms_system` [ RunTime:0.0018s ]
SQL: SELECT * FROM `c_pms_system` WHERE `secret` = 'E5pZdva3HVDHfCJmcOdnVfTHoKZNsW2a' LIMIT 1   [ RunTime:0.0007s ]

[ 2017-11-07T17:24:00+08:00 ] 127.0.0.1 /index.php/Coct/Sso/pclogin
INFO: [ app_init ] --START--
INFO: Run Behavior\BuildLiteBehavior [ RunTime:0.000007s ]
INFO: [ app_init ] --END-- [ RunTime:0.000203s ]
INFO: [ app_begin ] --START--
INFO: Run Behavior\ReadHtmlCacheBehavior [ RunTime:0.000302s ]
INFO: [ app_begin ] --END-- [ RunTime:0.000332s ]
SQL: SHOW COLUMNS FROM `c_useracc` [ RunTime:0.0020s ]
SQL: SELECT * FROM `c_useracc` WHERE `alias` = 'crm2018' AND `password` = '2a4b2f5aa3202c7253a82716591f3f00' LIMIT 1   [ RunTime:0.0010s ]
SQL: UPDATE `c_useracc` SET `currentip`='2130706433',`lastip`='2130706433',`currenttime`='1510046640',`lasttime`='1510042687' WHERE `id` = 10002 [ RunTime:0.0328s ]
NOTIC: [2] unlink(./Exetmp/Temp/7653f5ee126f72b5dc92978036145d82.php): No such file or directory E:\online\upms\Frame\Library\Think\Cache\Driver\File.class.php 第 157 行.
SQL: SELECT * FROM `c_useracc` WHERE `id` = 10002 LIMIT 1   [ RunTime:0.0010s ]

[ 2017-11-07T17:24:00+08:00 ] 127.0.0.1 /index.php/Coct/Sso/p3psave/status/1/sessid/m19g5cm9a36mvuee9fk8aaodo1
INFO: [ app_init ] --START--
INFO: Run Behavior\BuildLiteBehavior [ RunTime:0.000007s ]
INFO: [ app_init ] --END-- [ RunTime:0.000193s ]
INFO: [ app_begin ] --START--
INFO: Run Behavior\ReadHtmlCacheBehavior [ RunTime:0.000331s ]
INFO: [ app_begin ] --END-- [ RunTime:0.000360s ]
SQL: SHOW COLUMNS FROM `c_pms_system` [ RunTime:0.0017s ]
SQL: SELECT * FROM `c_pms_system`  [ RunTime:0.0014s ]
NOTIC: [8] Undefined variable: response E:\online\upms\App\Coct\Controller\SsoController.class.php 第 97 行.
INFO: [ app_end ] --START--
INFO: Run Behavior\ShowPageTraceBehavior [ RunTime:0.000616s ]
INFO: [ app_end ] --END-- [ RunTime:0.000654s ]

