[ 2018-01-16T10:16:45+08:00 ] 127.0.0.1 /index.php/Coct/Sso/systemstatus
INFO: [ app_init ] --START--
INFO: Run Behavior\BuildLiteBehavior [ RunTime:0.000011s ]
INFO: [ app_init ] --END-- [ RunTime:0.000388s ]
INFO: [ app_begin ] --START--
INFO: Run Behavior\ReadHtmlCacheBehavior [ RunTime:0.000430s ]
INFO: [ app_begin ] --END-- [ RunTime:0.000479s ]
SQL: SHOW COLUMNS FROM `c_pms_system` [ RunTime:0.0064s ]
SQL: SELECT * FROM `c_pms_system` WHERE `secret` = 'E5pZdva3HVDHfCJmcOdnVfTHoKZNsW2a' LIMIT 1   [ RunTime:0.0066s ]

[ 2018-01-16T10:16:55+08:00 ] 127.0.0.1 /index.php/Coct/Sso/systemstatus
INFO: [ app_init ] --START--
INFO: Run Behavior\BuildLiteBehavior [ RunTime:0.000007s ]
INFO: [ app_init ] --END-- [ RunTime:0.000242s ]
INFO: [ app_begin ] --START--
INFO: Run Behavior\ReadHtmlCacheBehavior [ RunTime:0.000361s ]
INFO: [ app_begin ] --END-- [ RunTime:0.000393s ]
SQL: SHOW COLUMNS FROM `c_pms_system` [ RunTime:0.0073s ]
SQL: SELECT * FROM `c_pms_system` WHERE `secret` = 'E5pZdva3HVDHfCJmcOdnVfTHoKZNsW2a' LIMIT 1   [ RunTime:0.0066s ]

[ 2018-01-16T10:16:55+08:00 ] 127.0.0.1 /index.php/Coct/Sso/pclogin
INFO: [ app_init ] --START--
INFO: Run Behavior\BuildLiteBehavior [ RunTime:0.000028s ]
INFO: [ app_init ] --END-- [ RunTime:0.000984s ]
INFO: [ app_begin ] --START--
INFO: Run Behavior\ReadHtmlCacheBehavior [ RunTime:0.001479s ]
INFO: [ app_begin ] --END-- [ RunTime:0.001613s ]
SQL: SHOW COLUMNS FROM `c_useracc` [ RunTime:0.0069s ]
SQL: SELECT * FROM `c_useracc` WHERE `alias` = 'crm2018' AND `password` = '2a4b2f5aa3202c7253a82716591f3f00' LIMIT 1   [ RunTime:0.0071s ]
SQL: UPDATE `c_useracc` SET `currentip`='2130706433',`lastip`='1018185834',`currenttime`='1516069015',`lasttime`='1516064611' WHERE `id` = 10002 [ RunTime:0.0162s ]
NOTIC: [2] unlink(./Exetmp/Temp/7653f5ee126f72b5dc92978036145d82.php): No such file or directory E:\online\upms\Frame\Library\Think\Cache\Driver\File.class.php 第 157 行.
SQL: SELECT * FROM `c_useracc` WHERE `id` = 10002 LIMIT 1   [ RunTime:0.0069s ]

[ 2018-01-16T10:16:55+08:00 ] 127.0.0.1 /index.php/Coct/Sso/p3psave/status/1/sessid/ic26iugj3on1r6jf9dt43q0393
INFO: [ app_init ] --START--
INFO: Run Behavior\BuildLiteBehavior [ RunTime:0.000014s ]
INFO: [ app_init ] --END-- [ RunTime:0.000450s ]
INFO: [ app_begin ] --START--
INFO: Run Behavior\ReadHtmlCacheBehavior [ RunTime:0.000683s ]
INFO: [ app_begin ] --END-- [ RunTime:0.000740s ]
SQL: SHOW COLUMNS FROM `c_pms_system` [ RunTime:0.0066s ]
SQL: SELECT * FROM `c_pms_system`  [ RunTime:0.0067s ]
NOTIC: [8] Undefined variable: response E:\online\upms\App\Coct\Controller\SsoController.class.php 第 97 行.
INFO: [ app_end ] --START--
INFO: Run Behavior\ShowPageTraceBehavior [ RunTime:0.001302s ]
INFO: [ app_end ] --END-- [ RunTime:0.001384s ]

[ 2018-01-16T11:12:32+08:00 ] 127.0.0.1 /index.php/Coct/Sso/systemstatus
INFO: [ app_init ] --START--
INFO: Run Behavior\BuildLiteBehavior [ RunTime:0.000008s ]
INFO: [ app_init ] --END-- [ RunTime:0.000314s ]
INFO: [ app_begin ] --START--
INFO: Run Behavior\ReadHtmlCacheBehavior [ RunTime:0.000344s ]
INFO: [ app_begin ] --END-- [ RunTime:0.000384s ]
SQL: SHOW COLUMNS FROM `c_pms_system` [ RunTime:0.0095s ]
SQL: SELECT * FROM `c_pms_system` WHERE `secret` = 'E5pZdva3HVDHfCJmcOdnVfTHoKZNsW2a' LIMIT 1   [ RunTime:0.0094s ]

[ 2018-01-16T11:12:40+08:00 ] 127.0.0.1 /index.php/Coct/Sso/systemstatus
INFO: [ app_init ] --START--
INFO: Run Behavior\BuildLiteBehavior [ RunTime:0.000007s ]
INFO: [ app_init ] --END-- [ RunTime:0.000256s ]
INFO: [ app_begin ] --START--
INFO: Run Behavior\ReadHtmlCacheBehavior [ RunTime:0.000307s ]
INFO: [ app_begin ] --END-- [ RunTime:0.000340s ]
SQL: SHOW COLUMNS FROM `c_pms_system` [ RunTime:0.0070s ]
SQL: SELECT * FROM `c_pms_system` WHERE `secret` = 'E5pZdva3HVDHfCJmcOdnVfTHoKZNsW2a' LIMIT 1   [ RunTime:0.0071s ]

[ 2018-01-16T11:12:41+08:00 ] 127.0.0.1 /index.php/Coct/Sso/pclogin
INFO: [ app_init ] --START--
INFO: Run Behavior\BuildLiteBehavior [ RunTime:0.000029s ]
INFO: [ app_init ] --END-- [ RunTime:0.001044s ]
INFO: [ app_begin ] --START--
INFO: Run Behavior\ReadHtmlCacheBehavior [ RunTime:0.001290s ]
INFO: [ app_begin ] --END-- [ RunTime:0.001427s ]
SQL: SHOW COLUMNS FROM `c_useracc` [ RunTime:0.0042s ]
SQL: SELECT * FROM `c_useracc` WHERE `alias` = 'crm2018' AND `password` = '2a4b2f5aa3202c7253a82716591f3f00' LIMIT 1   [ RunTime:0.0045s ]
SQL: UPDATE `c_useracc` SET `currentip`='2130706433',`lastip`='2015095825',`currenttime`='1516072361',`lasttime`='1516069859' WHERE `id` = 10002 [ RunTime:0.0140s ]
NOTIC: [2] unlink(./Exetmp/Temp/7653f5ee126f72b5dc92978036145d82.php): No such file or directory E:\online\upms\Frame\Library\Think\Cache\Driver\File.class.php 第 157 行.
SQL: SELECT * FROM `c_useracc` WHERE `id` = 10002 LIMIT 1   [ RunTime:0.0041s ]

[ 2018-01-16T11:12:41+08:00 ] 127.0.0.1 /index.php/Coct/Sso/p3psave/status/1/sessid/n9pk7pqirp29bn4toq0aof4624
INFO: [ app_init ] --START--
INFO: Run Behavior\BuildLiteBehavior [ RunTime:0.000011s ]
INFO: [ app_init ] --END-- [ RunTime:0.000363s ]
INFO: [ app_begin ] --START--
INFO: Run Behavior\ReadHtmlCacheBehavior [ RunTime:0.000360s ]
INFO: [ app_begin ] --END-- [ RunTime:0.000400s ]
SQL: SHOW COLUMNS FROM `c_pms_system` [ RunTime:0.0067s ]
SQL: SELECT * FROM `c_pms_system`  [ RunTime:0.0071s ]
NOTIC: [8] Undefined variable: response E:\online\upms\App\Coct\Controller\SsoController.class.php 第 97 行.
INFO: [ app_end ] --START--
INFO: Run Behavior\ShowPageTraceBehavior [ RunTime:0.000387s ]
INFO: [ app_end ] --END-- [ RunTime:0.000413s ]

[ 2018-01-16T11:38:37+08:00 ] 127.0.0.1 /index.php/Coct/Sso/systemstatus
INFO: [ app_init ] --START--
INFO: Run Behavior\BuildLiteBehavior [ RunTime:0.000012s ]
INFO: [ app_init ] --END-- [ RunTime:0.000439s ]
INFO: [ app_begin ] --START--
INFO: Run Behavior\ReadHtmlCacheBehavior [ RunTime:0.000500s ]
INFO: [ app_begin ] --END-- [ RunTime:0.000558s ]
SQL: SHOW COLUMNS FROM `c_pms_system` [ RunTime:0.0065s ]
SQL: SELECT * FROM `c_pms_system` WHERE `secret` = 'E5pZdva3HVDHfCJmcOdnVfTHoKZNsW2a' LIMIT 1   [ RunTime:0.0064s ]

[ 2018-01-16T11:38:46+08:00 ] 127.0.0.1 /index.php/Coct/Sso/systemstatus
INFO: [ app_init ] --START--
INFO: Run Behavior\BuildLiteBehavior [ RunTime:0.000007s ]
INFO: [ app_init ] --END-- [ RunTime:0.000241s ]
INFO: [ app_begin ] --START--
INFO: Run Behavior\ReadHtmlCacheBehavior [ RunTime:0.000312s ]
INFO: [ app_begin ] --END-- [ RunTime:0.000345s ]
SQL: SHOW COLUMNS FROM `c_pms_system` [ RunTime:0.0068s ]
SQL: SELECT * FROM `c_pms_system` WHERE `secret` = 'E5pZdva3HVDHfCJmcOdnVfTHoKZNsW2a' LIMIT 1   [ RunTime:0.0069s ]

[ 2018-01-16T11:38:46+08:00 ] 127.0.0.1 /index.php/Coct/Sso/pclogin
INFO: [ app_init ] --START--
INFO: Run Behavior\BuildLiteBehavior [ RunTime:0.000024s ]
INFO: [ app_init ] --END-- [ RunTime:0.000810s ]
INFO: [ app_begin ] --START--
INFO: Run Behavior\ReadHtmlCacheBehavior [ RunTime:0.001092s ]
INFO: [ app_begin ] --END-- [ RunTime:0.001201s ]
SQL: SHOW COLUMNS FROM `c_useracc` [ RunTime:0.0073s ]
SQL: SELECT * FROM `c_useracc` WHERE `alias` = 'crm2018' AND `password` = '2a4b2f5aa3202c7253a82716591f3f00' LIMIT 1   [ RunTime:0.0071s ]
SQL: UPDATE `c_useracc` SET `currentip`='2130706433',`lastip`='2130706433',`currenttime`='1516073926',`lasttime`='1516072361' WHERE `id` = 10002 [ RunTime:0.0163s ]
NOTIC: [2] unlink(./Exetmp/Temp/7653f5ee126f72b5dc92978036145d82.php): No such file or directory E:\online\upms\Frame\Library\Think\Cache\Driver\File.class.php 第 157 行.
SQL: SELECT * FROM `c_useracc` WHERE `id` = 10002 LIMIT 1   [ RunTime:0.0069s ]

[ 2018-01-16T11:38:46+08:00 ] 127.0.0.1 /index.php/Coct/Sso/p3psave/status/1/sessid/0766p4b5aoo7mb8bprlmr9ish2
INFO: [ app_init ] --START--
INFO: Run Behavior\BuildLiteBehavior [ RunTime:0.000008s ]
INFO: [ app_init ] --END-- [ RunTime:0.000278s ]
INFO: [ app_begin ] --START--
INFO: Run Behavior\ReadHtmlCacheBehavior [ RunTime:0.000356s ]
INFO: [ app_begin ] --END-- [ RunTime:0.000392s ]
SQL: SHOW COLUMNS FROM `c_pms_system` [ RunTime:0.0067s ]
SQL: SELECT * FROM `c_pms_system`  [ RunTime:0.0069s ]
NOTIC: [8] Undefined variable: response E:\online\upms\App\Coct\Controller\SsoController.class.php 第 97 行.
INFO: [ app_end ] --START--
INFO: Run Behavior\ShowPageTraceBehavior [ RunTime:0.001541s ]
INFO: [ app_end ] --END-- [ RunTime:0.001666s ]

[ 2018-01-16T18:21:11+08:00 ] 127.0.0.1 /index.php/Coct/Sso/systemstatus
INFO: [ app_init ] --START--
INFO: Run Behavior\BuildLiteBehavior [ RunTime:0.000011s ]
INFO: [ app_init ] --END-- [ RunTime:0.000370s ]
INFO: [ app_begin ] --START--
INFO: Run Behavior\ReadHtmlCacheBehavior [ RunTime:0.000412s ]
INFO: [ app_begin ] --END-- [ RunTime:0.000459s ]
SQL: SHOW COLUMNS FROM `c_pms_system` [ RunTime:0.0038s ]
SQL: SELECT * FROM `c_pms_system` WHERE `secret` = 'E5pZdva3HVDHfCJmcOdnVfTHoKZNsW2a' LIMIT 1   [ RunTime:0.0038s ]

