[ 2018-01-22T19:28:53+08:00 ] 127.0.0.1 /index.php/Coct/Sso/systemstatus
INFO: [ app_init ] --START--
INFO: Run Behavior\BuildLiteBehavior [ RunTime:0.000031s ]
INFO: [ app_init ] --END-- [ RunTime:0.001519s ]
INFO: [ app_begin ] --START--
INFO: Run Behavior\ReadHtmlCacheBehavior [ RunTime:0.001687s ]
INFO: [ app_begin ] --END-- [ RunTime:0.001830s ]
SQL: SHOW COLUMNS FROM `c_pms_system` [ RunTime:0.0043s ]
SQL: SELECT * FROM `c_pms_system` WHERE `secret` = 'xecabIBW4WrIN1Ul0YM2LDDotFQak4zu' LIMIT 1   [ RunTime:0.0043s ]

[ 2018-01-22T19:29:02+08:00 ] 127.0.0.1 /index.php/Coct/Sso/systemstatus
INFO: [ app_init ] --START--
INFO: Run Behavior\BuildLiteBehavior [ RunTime:0.000006s ]
INFO: [ app_init ] --END-- [ RunTime:0.000211s ]
INFO: [ app_begin ] --START--
INFO: Run Behavior\ReadHtmlCacheBehavior [ RunTime:0.000252s ]
INFO: [ app_begin ] --END-- [ RunTime:0.000283s ]
SQL: SHOW COLUMNS FROM `c_pms_system` [ RunTime:0.0066s ]
SQL: SELECT * FROM `c_pms_system` WHERE `secret` = 'xecabIBW4WrIN1Ul0YM2LDDotFQak4zu' LIMIT 1   [ RunTime:0.0069s ]

[ 2018-01-22T19:29:03+08:00 ] 127.0.0.1 /index.php/Coct/Sso/pclogin
INFO: [ app_init ] --START--
INFO: Run Behavior\BuildLiteBehavior [ RunTime:0.000007s ]
INFO: [ app_init ] --END-- [ RunTime:0.000209s ]
INFO: [ app_begin ] --START--
INFO: Run Behavior\ReadHtmlCacheBehavior [ RunTime:0.000252s ]
INFO: [ app_begin ] --END-- [ RunTime:0.000283s ]
SQL: SHOW COLUMNS FROM `c_useracc` [ RunTime:0.0100s ]
SQL: SELECT * FROM `c_useracc` WHERE `alias` = 'fk2018' AND `password` = '2a4b2f5aa3202c7253a82716591f3f00' LIMIT 1   [ RunTime:0.0102s ]
SQL: UPDATE `c_useracc` SET `currentip`='2130706433',`lastip`='2015095825',`currenttime`='1516620543',`lasttime`='1516615873' WHERE `id` = 10003 [ RunTime:0.0203s ]
NOTIC: [2] unlink(./Exetmp/Temp/7653f5ee126f72b5dc92978036145d82.php): No such file or directory E:\online\upms\Frame\Library\Think\Cache\Driver\File.class.php 第 157 行.
SQL: SELECT * FROM `c_useracc` WHERE `id` = 10003 LIMIT 1   [ RunTime:0.0102s ]

[ 2018-01-22T19:29:03+08:00 ] 127.0.0.1 /index.php/Coct/Sso/p3psave/status/1/sessid/sr4m3n2cf39rgv7p1n7b7bppi6
INFO: [ app_init ] --START--
INFO: Run Behavior\BuildLiteBehavior [ RunTime:0.000013s ]
INFO: [ app_init ] --END-- [ RunTime:0.000370s ]
INFO: [ app_begin ] --START--
INFO: Run Behavior\ReadHtmlCacheBehavior [ RunTime:0.000445s ]
INFO: [ app_begin ] --END-- [ RunTime:0.000494s ]
SQL: SHOW COLUMNS FROM `c_pms_system` [ RunTime:0.0067s ]
SQL: SELECT * FROM `c_pms_system`  [ RunTime:0.0064s ]
NOTIC: [8] Undefined variable: response E:\online\upms\App\Coct\Controller\SsoController.class.php 第 97 行.
INFO: [ app_end ] --START--
INFO: Run Behavior\ShowPageTraceBehavior [ RunTime:0.000948s ]
INFO: [ app_end ] --END-- [ RunTime:0.001000s ]

