[ 2018-01-25T15:52:23+08:00 ] 127.0.0.1 /index.php/Coct/Sso/systemstatus
INFO: [ app_init ] --START--
INFO: Run Behavior\BuildLiteBehavior [ RunTime:0.000008s ]
INFO: [ app_init ] --END-- [ RunTime:0.000438s ]
INFO: [ app_begin ] --START--
INFO: Run Behavior\ReadHtmlCacheBehavior [ RunTime:0.000490s ]
INFO: [ app_begin ] --END-- [ RunTime:0.000525s ]
SQL: SHOW COLUMNS FROM `c_pms_system` [ RunTime:0.0151s ]
SQL: SELECT * FROM `c_pms_system` WHERE `secret` = 'xecabIBW4WrIN1Ul0YM2LDDotFQak4zu' LIMIT 1   [ RunTime:0.0070s ]

[ 2018-01-25T15:52:31+08:00 ] 127.0.0.1 /index.php/Coct/Sso/systemstatus
INFO: [ app_init ] --START--
INFO: Run Behavior\BuildLiteBehavior [ RunTime:0.000008s ]
INFO: [ app_init ] --END-- [ RunTime:0.000246s ]
INFO: [ app_begin ] --START--
INFO: Run Behavior\ReadHtmlCacheBehavior [ RunTime:0.000292s ]
INFO: [ app_begin ] --END-- [ RunTime:0.000325s ]
SQL: SHOW COLUMNS FROM `c_pms_system` [ RunTime:0.0068s ]
SQL: SELECT * FROM `c_pms_system` WHERE `secret` = 'xecabIBW4WrIN1Ul0YM2LDDotFQak4zu' LIMIT 1   [ RunTime:0.0069s ]

[ 2018-01-25T15:52:31+08:00 ] 127.0.0.1 /index.php/Coct/Sso/pclogin
INFO: [ app_init ] --START--
INFO: Run Behavior\BuildLiteBehavior [ RunTime:0.000029s ]
INFO: [ app_init ] --END-- [ RunTime:0.000866s ]
INFO: [ app_begin ] --START--
INFO: Run Behavior\ReadHtmlCacheBehavior [ RunTime:0.000565s ]
INFO: [ app_begin ] --END-- [ RunTime:0.000635s ]
SQL: SHOW COLUMNS FROM `c_useracc` [ RunTime:0.0098s ]
SQL: SELECT * FROM `c_useracc` WHERE `alias` = 'crm2018' AND `password` = 'cb9d46e9dcaba15f6360fad14444f592' LIMIT 1   [ RunTime:0.0101s ]

[ 2018-01-25T15:52:44+08:00 ] 127.0.0.1 /index.php/Coct/Sso/systemstatus
INFO: [ app_init ] --START--
INFO: Run Behavior\BuildLiteBehavior [ RunTime:0.000007s ]
INFO: [ app_init ] --END-- [ RunTime:0.000207s ]
INFO: [ app_begin ] --START--
INFO: Run Behavior\ReadHtmlCacheBehavior [ RunTime:0.000250s ]
INFO: [ app_begin ] --END-- [ RunTime:0.000280s ]
SQL: SHOW COLUMNS FROM `c_pms_system` [ RunTime:0.0099s ]
SQL: SELECT * FROM `c_pms_system` WHERE `secret` = 'xecabIBW4WrIN1Ul0YM2LDDotFQak4zu' LIMIT 1   [ RunTime:0.0100s ]

[ 2018-01-25T15:52:44+08:00 ] 127.0.0.1 /index.php/Coct/Sso/pclogin
INFO: [ app_init ] --START--
INFO: Run Behavior\BuildLiteBehavior [ RunTime:0.000029s ]
INFO: [ app_init ] --END-- [ RunTime:0.001038s ]
INFO: [ app_begin ] --START--
INFO: Run Behavior\ReadHtmlCacheBehavior [ RunTime:0.001051s ]
INFO: [ app_begin ] --END-- [ RunTime:0.001177s ]
SQL: SHOW COLUMNS FROM `c_useracc` [ RunTime:0.0146s ]
SQL: SELECT * FROM `c_useracc` WHERE `alias` = 'fk2018' AND `password` = '2a4b2f5aa3202c7253a82716591f3f00' LIMIT 1   [ RunTime:0.0104s ]
SQL: UPDATE `c_useracc` SET `currentip`='2130706433',`lastip`='2015095825',`currenttime`='1516866764',`lasttime`='1516865234' WHERE `id` = 10003 [ RunTime:0.0199s ]
NOTIC: [2] unlink(./Exetmp/Temp/7653f5ee126f72b5dc92978036145d82.php): No such file or directory E:\online\upms\Frame\Library\Think\Cache\Driver\File.class.php 第 157 行.
SQL: SELECT * FROM `c_useracc` WHERE `id` = 10003 LIMIT 1   [ RunTime:0.0098s ]

[ 2018-01-25T15:52:44+08:00 ] 127.0.0.1 /index.php/Coct/Sso/p3psave/status/1/sessid/6bk7ugbna376m15ds6723ka704
INFO: [ app_init ] --START--
INFO: Run Behavior\BuildLiteBehavior [ RunTime:0.000015s ]
INFO: [ app_init ] --END-- [ RunTime:0.000441s ]
INFO: [ app_begin ] --START--
INFO: Run Behavior\ReadHtmlCacheBehavior [ RunTime:0.000541s ]
INFO: [ app_begin ] --END-- [ RunTime:0.000605s ]
SQL: SHOW COLUMNS FROM `c_pms_system` [ RunTime:0.0071s ]
SQL: SELECT * FROM `c_pms_system`  [ RunTime:0.0067s ]
NOTIC: [8] Undefined variable: response E:\online\upms\App\Coct\Controller\SsoController.class.php 第 97 行.
INFO: [ app_end ] --START--
INFO: Run Behavior\ShowPageTraceBehavior [ RunTime:0.015914s ]
INFO: [ app_end ] --END-- [ RunTime:0.016034s ]

