[ 2018-01-26T09:43:32+08:00 ] 127.0.0.1 /index.php/Coct/Sso/systemstatus
INFO: [ app_init ] --START--
INFO: Run Behavior\BuildLiteBehavior [ RunTime:0.000033s ]
INFO: [ app_init ] --END-- [ RunTime:0.003641s ]
INFO: [ app_begin ] --START--
INFO: Run Behavior\ReadHtmlCacheBehavior [ RunTime:0.001632s ]
INFO: [ app_begin ] --END-- [ RunTime:0.001843s ]
SQL: SHOW COLUMNS FROM `c_pms_system` [ RunTime:0.0065s ]
SQL: SELECT * FROM `c_pms_system` WHERE `secret` = 'xecabIBW4WrIN1Ul0YM2LDDotFQak4zu' LIMIT 1   [ RunTime:0.0067s ]

[ 2018-01-26T09:43:45+08:00 ] 127.0.0.1 /index.php/Coct/Sso/systemstatus
INFO: [ app_init ] --START--
INFO: Run Behavior\BuildLiteBehavior [ RunTime:0.000007s ]
INFO: [ app_init ] --END-- [ RunTime:0.000207s ]
INFO: [ app_begin ] --START--
INFO: Run Behavior\ReadHtmlCacheBehavior [ RunTime:0.000245s ]
INFO: [ app_begin ] --END-- [ RunTime:0.000275s ]
SQL: SHOW COLUMNS FROM `c_pms_system` [ RunTime:0.0099s ]
SQL: SELECT * FROM `c_pms_system` WHERE `secret` = 'xecabIBW4WrIN1Ul0YM2LDDotFQak4zu' LIMIT 1   [ RunTime:0.0100s ]

[ 2018-01-26T09:43:45+08:00 ] 127.0.0.1 /index.php/Coct/Sso/pclogin
INFO: [ app_init ] --START--
INFO: Run Behavior\BuildLiteBehavior [ RunTime:0.000029s ]
INFO: [ app_init ] --END-- [ RunTime:0.000859s ]
INFO: [ app_begin ] --START--
INFO: Run Behavior\ReadHtmlCacheBehavior [ RunTime:0.001033s ]
INFO: [ app_begin ] --END-- [ RunTime:0.001163s ]
SQL: SHOW COLUMNS FROM `c_useracc` [ RunTime:0.0068s ]
SQL: SELECT * FROM `c_useracc` WHERE `alias` = 'fk2018' AND `password` = '2a4b2f5aa3202c7253a82716591f3f00' LIMIT 1   [ RunTime:0.0071s ]
SQL: UPDATE `c_useracc` SET `currentip`='2130706433',`lastip`='2015095825',`currenttime`='1516931025',`lasttime`='1516875229' WHERE `id` = 10003 [ RunTime:0.0094s ]
NOTIC: [2] unlink(./Exetmp/Temp/7653f5ee126f72b5dc92978036145d82.php): No such file or directory E:\online\upms\Frame\Library\Think\Cache\Driver\File.class.php 第 157 行.
SQL: SELECT * FROM `c_useracc` WHERE `id` = 10003 LIMIT 1   [ RunTime:0.0068s ]

[ 2018-01-26T09:43:46+08:00 ] 127.0.0.1 /index.php/Coct/Sso/p3psave/status/1/sessid/b2arjr71vl2vo0k9kt1ivvufb6
INFO: [ app_init ] --START--
INFO: Run Behavior\BuildLiteBehavior [ RunTime:0.000009s ]
INFO: [ app_init ] --END-- [ RunTime:0.000257s ]
INFO: [ app_begin ] --START--
INFO: Run Behavior\ReadHtmlCacheBehavior [ RunTime:0.000312s ]
INFO: [ app_begin ] --END-- [ RunTime:0.000348s ]
SQL: SHOW COLUMNS FROM `c_pms_system` [ RunTime:0.0040s ]
SQL: SELECT * FROM `c_pms_system`  [ RunTime:0.0036s ]
NOTIC: [8] Undefined variable: response E:\online\upms\App\Coct\Controller\SsoController.class.php 第 97 行.
INFO: [ app_end ] --START--
INFO: Run Behavior\ShowPageTraceBehavior [ RunTime:0.000730s ]
INFO: [ app_end ] --END-- [ RunTime:0.000765s ]

[ 2018-01-26T10:50:04+08:00 ] 127.0.0.1 /index.php/Coct/Sso/p3psave/status/0
INFO: [ app_init ] --START--
INFO: Run Behavior\BuildLiteBehavior [ RunTime:0.000012s ]
INFO: [ app_init ] --END-- [ RunTime:0.000410s ]
INFO: [ app_begin ] --START--
INFO: Run Behavior\ReadHtmlCacheBehavior [ RunTime:0.000512s ]
INFO: [ app_begin ] --END-- [ RunTime:0.000556s ]
NOTIC: [2] session_destroy(): Trying to destroy uninitialized session E:\online\upms\Frame\Common\functions.php 第 1276 行.
SQL: SHOW COLUMNS FROM `c_pms_system` [ RunTime:0.0095s ]
SQL: SELECT * FROM `c_pms_system`  [ RunTime:0.0094s ]
NOTIC: [8] Undefined variable: response E:\online\upms\App\Coct\Controller\SsoController.class.php 第 97 行.
INFO: [ app_end ] --START--
INFO: Run Behavior\ShowPageTraceBehavior [ RunTime:0.001456s ]
INFO: [ app_end ] --END-- [ RunTime:0.001567s ]

[ 2018-01-26T10:50:05+08:00 ] 127.0.0.1 /index.php/Coct/Sso/systemstatus
INFO: [ app_init ] --START--
INFO: Run Behavior\BuildLiteBehavior [ RunTime:0.000008s ]
INFO: [ app_init ] --END-- [ RunTime:0.000241s ]
INFO: [ app_begin ] --START--
INFO: Run Behavior\ReadHtmlCacheBehavior [ RunTime:0.000228s ]
INFO: [ app_begin ] --END-- [ RunTime:0.000254s ]
SQL: SHOW COLUMNS FROM `c_pms_system` [ RunTime:0.0093s ]
SQL: SELECT * FROM `c_pms_system` WHERE `secret` = 'xecabIBW4WrIN1Ul0YM2LDDotFQak4zu' LIMIT 1   [ RunTime:0.0094s ]

